mode: set
Qingyu_backend/repository/mongodb/social/booklist_repository_mongo.go:24.78,29.2 1 0
Qingyu_backend/repository/mongodb/social/booklist_repository_mongo.go:34.104,39.16 4 0
Qingyu_backend/repository/mongodb/social/booklist_repository_mongo.go:39.16,41.3 1 0
Qingyu_backend/repository/mongodb/social/booklist_repository_mongo.go:44.2,44.59 1 0
Qingyu_backend/repository/mongodb/social/booklist_repository_mongo.go:44.59,46.3 1 0
Qingyu_backend/repository/mongodb/social/booklist_repository_mongo.go:48.2,48.12 1 0
Qingyu_backend/repository/mongodb/social/booklist_repository_mongo.go:52.117,54.16 2 0
Qingyu_backend/repository/mongodb/social/booklist_repository_mongo.go:54.16,56.3 1 0
Qingyu_backend/repository/mongodb/social/booklist_repository_mongo.go:58.2,62.16 4 0
Qingyu_backend/repository/mongodb/social/booklist_repository_mongo.go:62.16,63.34 1 0
Qingyu_backend/repository/mongodb/social/booklist_repository_mongo.go:63.34,65.4 1 0
Qingyu_backend/repository/mongodb/social/booklist_repository_mongo.go:66.3,66.56 1 0
Qingyu_backend/repository/mongodb/social/booklist_repository_mongo.go:69.2,69.23 1 0
Qingyu_backend/repository/mongodb/social/booklist_repository_mongo.go:73.141,75.16 2 0
Qingyu_backend/repository/mongodb/social/booklist_repository_mongo.go:75.16,77.3 1 0
Qingyu_backend/repository/mongodb/social/booklist_repository_mongo.go:79.2,83.16 3 0
Qingyu_backend/repository/mongodb/social/booklist_repository_mongo.go:83.16,85.3 1 0
Qingyu_backend/repository/mongodb/social/booklist_repository_mongo.go:88.2,95.16 4 0
Qingyu_backend/repository/mongodb/social/booklist_repository_mongo.go:95.16,97.3 1 0
Qingyu_backend/repository/mongodb/social/booklist_repository_mongo.go:99.2,100.51 2 0
Qingyu_backend/repository/mongodb/social/booklist_repository_mongo.go:100.51,102.3 1 0
Qingyu_backend/repository/mongodb/social/booklist_repository_mongo.go:104.2,104.30 1 0
Qingyu_backend/repository/mongodb/social/booklist_repository_mongo.go:108.126,113.16 3 0
Qingyu_backend/repository/mongodb/social/booklist_repository_mongo.go:113.16,115.3 1 0
Qingyu_backend/repository/mongodb/social/booklist_repository_mongo.go:118.2,125.16 4 0
Qingyu_backend/repository/mongodb/social/booklist_repository_mongo.go:125.16,127.3 1 0
Qingyu_backend/repository/mongodb/social/booklist_repository_mongo.go:129.2,130.51 2 0
Qingyu_backend/repository/mongodb/social/booklist_repository_mongo.go:130.51,132.3 1 0
Qingyu_backend/repository/mongodb/social/booklist_repository_mongo.go:134.2,134.30 1 0
Qingyu_backend/repository/mongodb/social/booklist_repository_mongo.go:138.147,145.16 3 0
Qingyu_backend/repository/mongodb/social/booklist_repository_mongo.go:145.16,147.3 1 0
Qingyu_backend/repository/mongodb/social/booklist_repository_mongo.go:149.2,156.16 4 0
Qingyu_backend/repository/mongodb/social/booklist_repository_mongo.go:156.16,158.3 1 0
Qingyu_backend/repository/mongodb/social/booklist_repository_mongo.go:160.2,161.51 2 0
Qingyu_backend/repository/mongodb/social/booklist_repository_mongo.go:161.51,163.3 1 0
Qingyu_backend/repository/mongodb/social/booklist_repository_mongo.go:165.2,165.30 1 0
Qingyu_backend/repository/mongodb/social/booklist_repository_mongo.go:169.137,176.16 3 0
Qingyu_backend/repository/mongodb/social/booklist_repository_mongo.go:176.16,178.3 1 0
Qingyu_backend/repository/mongodb/social/booklist_repository_mongo.go:180.2,187.16 4 0
Qingyu_backend/repository/mongodb/social/booklist_repository_mongo.go:187.16,189.3 1 0
Qingyu_backend/repository/mongodb/social/booklist_repository_mongo.go:191.2,192.51 2 0
Qingyu_backend/repository/mongodb/social/booklist_repository_mongo.go:192.51,194.3 1 0
Qingyu_backend/repository/mongodb/social/booklist_repository_mongo.go:196.2,196.30 1 0
Qingyu_backend/repository/mongodb/social/booklist_repository_mongo.go:200.139,210.16 3 0
Qingyu_backend/repository/mongodb/social/booklist_repository_mongo.go:210.16,212.3 1 0
Qingyu_backend/repository/mongodb/social/booklist_repository_mongo.go:214.2,221.16 4 0
Qingyu_backend/repository/mongodb/social/booklist_repository_mongo.go:221.16,223.3 1 0
Qingyu_backend/repository/mongodb/social/booklist_repository_mongo.go:225.2,226.51 2 0
Qingyu_backend/repository/mongodb/social/booklist_repository_mongo.go:226.51,228.3 1 0
Qingyu_backend/repository/mongodb/social/booklist_repository_mongo.go:230.2,230.30 1 0
Qingyu_backend/repository/mongodb/social/booklist_repository_mongo.go:234.128,236.16 2 0
Qingyu_backend/repository/mongodb/social/booklist_repository_mongo.go:236.16,238.3 1 0
Qingyu_backend/repository/mongodb/social/booklist_repository_mongo.go:240.2,246.16 5 0
Qingyu_backend/repository/mongodb/social/booklist_repository_mongo.go:246.16,248.3 1 0
Qingyu_backend/repository/mongodb/social/booklist_repository_mongo.go:250.2,250.30 1 0
Qingyu_backend/repository/mongodb/social/booklist_repository_mongo.go:250.30,252.3 1 0
Qingyu_backend/repository/mongodb/social/booklist_repository_mongo.go:254.2,254.12 1 0
Qingyu_backend/repository/mongodb/social/booklist_repository_mongo.go:258.96,260.16 2 0
Qingyu_backend/repository/mongodb/social/booklist_repository_mongo.go:260.16,262.3 1 0
Qingyu_backend/repository/mongodb/social/booklist_repository_mongo.go:264.2,266.16 3 0
Qingyu_backend/repository/mongodb/social/booklist_repository_mongo.go:266.16,268.3 1 0
Qingyu_backend/repository/mongodb/social/booklist_repository_mongo.go:270.2,270.30 1 0
Qingyu_backend/repository/mongodb/social/booklist_repository_mongo.go:270.30,272.3 1 0
Qingyu_backend/repository/mongodb/social/booklist_repository_mongo.go:274.2,274.12 1 0
Qingyu_backend/repository/mongodb/social/booklist_repository_mongo.go:280.126,282.16 2 0
Qingyu_backend/repository/mongodb/social/booklist_repository_mongo.go:282.16,284.3 1 0
Qingyu_backend/repository/mongodb/social/booklist_repository_mongo.go:286.2,292.16 5 0
Qingyu_backend/repository/mongodb/social/booklist_repository_mongo.go:292.16,294.3 1 0
Qingyu_backend/repository/mongodb/social/booklist_repository_mongo.go:296.2,296.30 1 0
Qingyu_backend/repository/mongodb/social/booklist_repository_mongo.go:296.30,298.3 1 0
Qingyu_backend/repository/mongodb/social/booklist_repository_mongo.go:300.2,300.12 1 0
Qingyu_backend/repository/mongodb/social/booklist_repository_mongo.go:304.108,306.16 2 0
Qingyu_backend/repository/mongodb/social/booklist_repository_mongo.go:306.16,308.3 1 0
Qingyu_backend/repository/mongodb/social/booklist_repository_mongo.go:310.2,314.16 4 0
Qingyu_backend/repository/mongodb/social/booklist_repository_mongo.go:314.16,316.3 1 0
Qingyu_backend/repository/mongodb/social/booklist_repository_mongo.go:318.2,318.30 1 0
Qingyu_backend/repository/mongodb/social/booklist_repository_mongo.go:318.30,320.3 1 0
Qingyu_backend/repository/mongodb/social/booklist_repository_mongo.go:322.2,322.12 1 0
Qingyu_backend/repository/mongodb/social/booklist_repository_mongo.go:326.138,328.16 2 0
Qingyu_backend/repository/mongodb/social/booklist_repository_mongo.go:328.16,330.3 1 0
Qingyu_backend/repository/mongodb/social/booklist_repository_mongo.go:333.2,339.34 3 0
Qingyu_backend/repository/mongodb/social/booklist_repository_mongo.go:339.34,341.3 1 0
Qingyu_backend/repository/mongodb/social/booklist_repository_mongo.go:343.2,344.16 2 0
Qingyu_backend/repository/mongodb/social/booklist_repository_mongo.go:344.16,346.3 1 0
Qingyu_backend/repository/mongodb/social/booklist_repository_mongo.go:348.2,348.30 1 0
Qingyu_backend/repository/mongodb/social/booklist_repository_mongo.go:348.30,350.3 1 0
Qingyu_backend/repository/mongodb/social/booklist_repository_mongo.go:352.2,352.12 1 0
Qingyu_backend/repository/mongodb/social/booklist_repository_mongo.go:356.121,358.16 2 0
Qingyu_backend/repository/mongodb/social/booklist_repository_mongo.go:358.16,360.3 1 0
Qingyu_backend/repository/mongodb/social/booklist_repository_mongo.go:363.2,364.16 2 0
Qingyu_backend/repository/mongodb/social/booklist_repository_mongo.go:364.16,366.3 1 0
Qingyu_backend/repository/mongodb/social/booklist_repository_mongo.go:367.2,367.21 1 0
Qingyu_backend/repository/mongodb/social/booklist_repository_mongo.go:367.21,369.3 1 0
Qingyu_backend/repository/mongodb/social/booklist_repository_mongo.go:372.2,372.32 1 0
Qingyu_backend/repository/mongodb/social/booklist_repository_mongo.go:372.32,373.71 1 0
Qingyu_backend/repository/mongodb/social/booklist_repository_mongo.go:373.71,375.4 1 0
Qingyu_backend/repository/mongodb/social/booklist_repository_mongo.go:379.2,383.16 4 0
Qingyu_backend/repository/mongodb/social/booklist_repository_mongo.go:383.16,385.3 1 0
Qingyu_backend/repository/mongodb/social/booklist_repository_mongo.go:387.2,387.12 1 0
Qingyu_backend/repository/mongodb/social/booklist_repository_mongo.go:391.122,393.16 2 0
Qingyu_backend/repository/mongodb/social/booklist_repository_mongo.go:393.16,395.3 1 0
Qingyu_backend/repository/mongodb/social/booklist_repository_mongo.go:396.2,396.21 1 0
Qingyu_backend/repository/mongodb/social/booklist_repository_mongo.go:396.21,398.3 1 0
Qingyu_backend/repository/mongodb/social/booklist_repository_mongo.go:401.2,402.32 2 0
Qingyu_backend/repository/mongodb/social/booklist_repository_mongo.go:402.32,404.3 1 0
Qingyu_backend/repository/mongodb/social/booklist_repository_mongo.go:406.2,406.20 1 0
Qingyu_backend/repository/mongodb/social/booklist_repository_mongo.go:412.116,417.16 4 0
Qingyu_backend/repository/mongodb/social/booklist_repository_mongo.go:417.16,419.3 1 0
Qingyu_backend/repository/mongodb/social/booklist_repository_mongo.go:422.2,422.59 1 0
Qingyu_backend/repository/mongodb/social/booklist_repository_mongo.go:422.59,424.3 1 0
Qingyu_backend/repository/mongodb/social/booklist_repository_mongo.go:427.2,427.67 1 0
Qingyu_backend/repository/mongodb/social/booklist_repository_mongo.go:431.108,435.16 3 0
Qingyu_backend/repository/mongodb/social/booklist_repository_mongo.go:435.16,437.3 1 0
Qingyu_backend/repository/mongodb/social/booklist_repository_mongo.go:439.2,445.16 3 0
Qingyu_backend/repository/mongodb/social/booklist_repository_mongo.go:445.16,447.3 1 0
Qingyu_backend/repository/mongodb/social/booklist_repository_mongo.go:449.2,449.29 1 0
Qingyu_backend/repository/mongodb/social/booklist_repository_mongo.go:449.29,452.3 1 0
Qingyu_backend/repository/mongodb/social/booklist_repository_mongo.go:454.2,454.12 1 0
Qingyu_backend/repository/mongodb/social/booklist_repository_mongo.go:458.129,462.16 3 0
Qingyu_backend/repository/mongodb/social/booklist_repository_mongo.go:462.16,464.3 1 0
Qingyu_backend/repository/mongodb/social/booklist_repository_mongo.go:466.2,473.16 4 0
Qingyu_backend/repository/mongodb/social/booklist_repository_mongo.go:473.16,474.34 1 0
Qingyu_backend/repository/mongodb/social/booklist_repository_mongo.go:474.34,476.4 1 0
Qingyu_backend/repository/mongodb/social/booklist_repository_mongo.go:477.3,477.62 1 0
Qingyu_backend/repository/mongodb/social/booklist_repository_mongo.go:480.2,480.27 1 0
Qingyu_backend/repository/mongodb/social/booklist_repository_mongo.go:484.113,488.16 3 0
Qingyu_backend/repository/mongodb/social/booklist_repository_mongo.go:488.16,490.3 1 0
Qingyu_backend/repository/mongodb/social/booklist_repository_mongo.go:492.2,498.16 3 0
Qingyu_backend/repository/mongodb/social/booklist_repository_mongo.go:498.16,500.3 1 0
Qingyu_backend/repository/mongodb/social/booklist_repository_mongo.go:502.2,502.23 1 0
Qingyu_backend/repository/mongodb/social/booklist_repository_mongo.go:506.147,512.16 4 0
Qingyu_backend/repository/mongodb/social/booklist_repository_mongo.go:512.16,514.3 1 0
Qingyu_backend/repository/mongodb/social/booklist_repository_mongo.go:516.2,523.16 4 0
Qingyu_backend/repository/mongodb/social/booklist_repository_mongo.go:523.16,525.3 1 0
Qingyu_backend/repository/mongodb/social/booklist_repository_mongo.go:527.2,528.47 2 0
Qingyu_backend/repository/mongodb/social/booklist_repository_mongo.go:528.47,530.3 1 0
Qingyu_backend/repository/mongodb/social/booklist_repository_mongo.go:532.2,532.26 1 0
Qingyu_backend/repository/mongodb/social/booklist_repository_mongo.go:536.108,538.16 2 0
Qingyu_backend/repository/mongodb/social/booklist_repository_mongo.go:538.16,540.3 1 0
Qingyu_backend/repository/mongodb/social/booklist_repository_mongo.go:542.2,546.16 4 0
Qingyu_backend/repository/mongodb/social/booklist_repository_mongo.go:546.16,548.3 1 0
Qingyu_backend/repository/mongodb/social/booklist_repository_mongo.go:550.2,550.12 1 0
Qingyu_backend/repository/mongodb/social/booklist_repository_mongo.go:554.108,556.16 2 0
Qingyu_backend/repository/mongodb/social/booklist_repository_mongo.go:556.16,558.3 1 0
Qingyu_backend/repository/mongodb/social/booklist_repository_mongo.go:560.2,564.16 4 0
Qingyu_backend/repository/mongodb/social/booklist_repository_mongo.go:564.16,566.3 1 0
Qingyu_backend/repository/mongodb/social/booklist_repository_mongo.go:568.2,568.12 1 0
Qingyu_backend/repository/mongodb/social/booklist_repository_mongo.go:574.122,577.16 2 0
Qingyu_backend/repository/mongodb/social/booklist_repository_mongo.go:577.16,579.3 1 0
Qingyu_backend/repository/mongodb/social/booklist_repository_mongo.go:580.2,580.21 1 0
Qingyu_backend/repository/mongodb/social/booklist_repository_mongo.go:580.21,582.3 1 0
Qingyu_backend/repository/mongodb/social/booklist_repository_mongo.go:585.2,603.16 3 0
Qingyu_backend/repository/mongodb/social/booklist_repository_mongo.go:603.16,605.3 1 0
Qingyu_backend/repository/mongodb/social/booklist_repository_mongo.go:608.2,609.16 2 0
Qingyu_backend/repository/mongodb/social/booklist_repository_mongo.go:609.16,611.3 1 0
Qingyu_backend/repository/mongodb/social/booklist_repository_mongo.go:613.2,613.20 1 0
Qingyu_backend/repository/mongodb/social/booklist_repository_mongo.go:617.100,619.16 2 0
Qingyu_backend/repository/mongodb/social/booklist_repository_mongo.go:619.16,621.3 1 0
Qingyu_backend/repository/mongodb/social/booklist_repository_mongo.go:623.2,627.16 4 0
Qingyu_backend/repository/mongodb/social/booklist_repository_mongo.go:627.16,629.3 1 0
Qingyu_backend/repository/mongodb/social/booklist_repository_mongo.go:631.2,631.12 1 0
Qingyu_backend/repository/mongodb/social/booklist_repository_mongo.go:635.145,637.16 2 0
Qingyu_backend/repository/mongodb/social/booklist_repository_mongo.go:637.16,639.3 1 0
Qingyu_backend/repository/mongodb/social/booklist_repository_mongo.go:641.2,647.16 3 0
Qingyu_backend/repository/mongodb/social/booklist_repository_mongo.go:647.16,649.3 1 0
Qingyu_backend/repository/mongodb/social/booklist_repository_mongo.go:651.2,658.16 4 0
Qingyu_backend/repository/mongodb/social/booklist_repository_mongo.go:658.16,660.3 1 0
Qingyu_backend/repository/mongodb/social/booklist_repository_mongo.go:662.2,663.51 2 0
Qingyu_backend/repository/mongodb/social/booklist_repository_mongo.go:663.51,665.3 1 0
Qingyu_backend/repository/mongodb/social/booklist_repository_mongo.go:667.2,667.30 1 0
Qingyu_backend/repository/mongodb/social/booklist_repository_mongo.go:673.100,675.16 2 0
Qingyu_backend/repository/mongodb/social/booklist_repository_mongo.go:675.16,677.3 1 0
Qingyu_backend/repository/mongodb/social/booklist_repository_mongo.go:679.2,683.16 4 0
Qingyu_backend/repository/mongodb/social/booklist_repository_mongo.go:683.16,685.3 1 0
Qingyu_backend/repository/mongodb/social/booklist_repository_mongo.go:687.2,687.12 1 0
Qingyu_backend/repository/mongodb/social/booklist_repository_mongo.go:691.105,693.16 2 0
Qingyu_backend/repository/mongodb/social/booklist_repository_mongo.go:693.16,695.3 1 0
Qingyu_backend/repository/mongodb/social/booklist_repository_mongo.go:697.2,699.16 3 0
Qingyu_backend/repository/mongodb/social/booklist_repository_mongo.go:699.16,701.3 1 0
Qingyu_backend/repository/mongodb/social/booklist_repository_mongo.go:703.2,703.19 1 0
Qingyu_backend/repository/mongodb/social/booklist_repository_mongo.go:707.69,711.2 2 0
Qingyu_backend/repository/mongodb/social/collection_repository_mongo.go:23.82,73.16 7 0
Qingyu_backend/repository/mongodb/social/collection_repository_mongo.go:73.16,75.3 1 0
Qingyu_backend/repository/mongodb/social/collection_repository_mongo.go:78.2,96.16 3 0
Qingyu_backend/repository/mongodb/social/collection_repository_mongo.go:96.16,98.3 1 0
Qingyu_backend/repository/mongodb/social/collection_repository_mongo.go:100.2,103.3 1 0
Qingyu_backend/repository/mongodb/social/collection_repository_mongo.go:111.102,112.28 1 0
Qingyu_backend/repository/mongodb/social/collection_repository_mongo.go:112.28,114.3 1 0
Qingyu_backend/repository/mongodb/social/collection_repository_mongo.go:116.2,116.35 1 0
Qingyu_backend/repository/mongodb/social/collection_repository_mongo.go:116.35,118.3 1 0
Qingyu_backend/repository/mongodb/social/collection_repository_mongo.go:119.2,122.56 2 0
Qingyu_backend/repository/mongodb/social/collection_repository_mongo.go:122.56,124.3 1 0
Qingyu_backend/repository/mongodb/social/collection_repository_mongo.go:126.2,127.16 2 0
Qingyu_backend/repository/mongodb/social/collection_repository_mongo.go:127.16,128.37 1 0
Qingyu_backend/repository/mongodb/social/collection_repository_mongo.go:128.37,130.4 1 0
Qingyu_backend/repository/mongodb/social/collection_repository_mongo.go:131.3,131.60 1 0
Qingyu_backend/repository/mongodb/social/collection_repository_mongo.go:134.2,134.12 1 0
Qingyu_backend/repository/mongodb/social/collection_repository_mongo.go:138.105,140.16 2 0
Qingyu_backend/repository/mongodb/social/collection_repository_mongo.go:140.16,142.3 1 0
Qingyu_backend/repository/mongodb/social/collection_repository_mongo.go:144.2,146.16 3 0
Qingyu_backend/repository/mongodb/social/collection_repository_mongo.go:146.16,147.34 1 0
Qingyu_backend/repository/mongodb/social/collection_repository_mongo.go:147.34,149.4 1 0
Qingyu_backend/repository/mongodb/social/collection_repository_mongo.go:150.3,150.62 1 0
Qingyu_backend/repository/mongodb/social/collection_repository_mongo.go:153.2,153.25 1 0
Qingyu_backend/repository/mongodb/social/collection_repository_mongo.go:157.126,158.34 1 0
Qingyu_backend/repository/mongodb/social/collection_repository_mongo.go:158.34,160.3 1 0
Qingyu_backend/repository/mongodb/social/collection_repository_mongo.go:162.2,168.16 3 0
Qingyu_backend/repository/mongodb/social/collection_repository_mongo.go:168.16,169.34 1 0
Qingyu_backend/repository/mongodb/social/collection_repository_mongo.go:169.34,171.4 1 0
Qingyu_backend/repository/mongodb/social/collection_repository_mongo.go:172.3,172.62 1 0
Qingyu_backend/repository/mongodb/social/collection_repository_mongo.go:175.2,175.25 1 0
Qingyu_backend/repository/mongodb/social/collection_repository_mongo.go:179.164,180.18 1 0
Qingyu_backend/repository/mongodb/social/collection_repository_mongo.go:180.18,182.3 1 0
Qingyu_backend/repository/mongodb/social/collection_repository_mongo.go:185.2,186.20 2 0
Qingyu_backend/repository/mongodb/social/collection_repository_mongo.go:186.20,188.3 1 0
Qingyu_backend/repository/mongodb/social/collection_repository_mongo.go:191.2,192.16 2 0
Qingyu_backend/repository/mongodb/social/collection_repository_mongo.go:192.16,194.3 1 0
Qingyu_backend/repository/mongodb/social/collection_repository_mongo.go:197.2,206.16 4 0
Qingyu_backend/repository/mongodb/social/collection_repository_mongo.go:206.16,208.3 1 0
Qingyu_backend/repository/mongodb/social/collection_repository_mongo.go:209.2,212.54 3 0
Qingyu_backend/repository/mongodb/social/collection_repository_mongo.go:212.54,214.3 1 0
Qingyu_backend/repository/mongodb/social/collection_repository_mongo.go:216.2,216.32 1 0
Qingyu_backend/repository/mongodb/social/collection_repository_mongo.go:220.158,221.31 1 0
Qingyu_backend/repository/mongodb/social/collection_repository_mongo.go:221.31,223.3 1 0
Qingyu_backend/repository/mongodb/social/collection_repository_mongo.go:225.2,232.16 3 0
Qingyu_backend/repository/mongodb/social/collection_repository_mongo.go:232.16,234.3 1 0
Qingyu_backend/repository/mongodb/social/collection_repository_mongo.go:237.2,246.16 4 0
Qingyu_backend/repository/mongodb/social/collection_repository_mongo.go:246.16,248.3 1 0
Qingyu_backend/repository/mongodb/social/collection_repository_mongo.go:249.2,252.54 3 0
Qingyu_backend/repository/mongodb/social/collection_repository_mongo.go:252.54,254.3 1 0
Qingyu_backend/repository/mongodb/social/collection_repository_mongo.go:256.2,256.32 1 0
Qingyu_backend/repository/mongodb/social/collection_repository_mongo.go:260.114,262.16 2 0
Qingyu_backend/repository/mongodb/social/collection_repository_mongo.go:262.16,264.3 1 0
Qingyu_backend/repository/mongodb/social/collection_repository_mongo.go:267.2,275.16 3 0
Qingyu_backend/repository/mongodb/social/collection_repository_mongo.go:275.16,277.3 1 0
Qingyu_backend/repository/mongodb/social/collection_repository_mongo.go:279.2,279.30 1 0
Qingyu_backend/repository/mongodb/social/collection_repository_mongo.go:279.30,281.3 1 0
Qingyu_backend/repository/mongodb/social/collection_repository_mongo.go:283.2,283.12 1 0
Qingyu_backend/repository/mongodb/social/collection_repository_mongo.go:287.82,289.16 2 0
Qingyu_backend/repository/mongodb/social/collection_repository_mongo.go:289.16,291.3 1 0
Qingyu_backend/repository/mongodb/social/collection_repository_mongo.go:293.2,294.16 2 0
Qingyu_backend/repository/mongodb/social/collection_repository_mongo.go:294.16,296.3 1 0
Qingyu_backend/repository/mongodb/social/collection_repository_mongo.go:298.2,298.30 1 0
Qingyu_backend/repository/mongodb/social/collection_repository_mongo.go:298.30,300.3 1 0
Qingyu_backend/repository/mongodb/social/collection_repository_mongo.go:302.2,302.12 1 0
Qingyu_backend/repository/mongodb/social/collection_repository_mongo.go:310.110,311.24 1 0
Qingyu_backend/repository/mongodb/social/collection_repository_mongo.go:311.24,313.3 1 0
Qingyu_backend/repository/mongodb/social/collection_repository_mongo.go:315.2,315.31 1 0
Qingyu_backend/repository/mongodb/social/collection_repository_mongo.go:315.31,317.3 1 0
Qingyu_backend/repository/mongodb/social/collection_repository_mongo.go:318.2,321.46 2 0
Qingyu_backend/repository/mongodb/social/collection_repository_mongo.go:321.46,323.3 1 0
Qingyu_backend/repository/mongodb/social/collection_repository_mongo.go:326.2,329.16 3 0
Qingyu_backend/repository/mongodb/social/collection_repository_mongo.go:329.16,331.3 1 0
Qingyu_backend/repository/mongodb/social/collection_repository_mongo.go:333.2,333.12 1 0
Qingyu_backend/repository/mongodb/social/collection_repository_mongo.go:337.117,339.16 2 0
Qingyu_backend/repository/mongodb/social/collection_repository_mongo.go:339.16,341.3 1 0
Qingyu_backend/repository/mongodb/social/collection_repository_mongo.go:343.2,345.16 3 0
Qingyu_backend/repository/mongodb/social/collection_repository_mongo.go:345.16,346.34 1 0
Qingyu_backend/repository/mongodb/social/collection_repository_mongo.go:346.34,348.4 1 0
Qingyu_backend/repository/mongodb/social/collection_repository_mongo.go:349.3,349.58 1 0
Qingyu_backend/repository/mongodb/social/collection_repository_mongo.go:352.2,352.21 1 0
Qingyu_backend/repository/mongodb/social/collection_repository_mongo.go:356.126,357.18 1 0
Qingyu_backend/repository/mongodb/social/collection_repository_mongo.go:357.18,359.3 1 0
Qingyu_backend/repository/mongodb/social/collection_repository_mongo.go:361.2,364.16 3 0
Qingyu_backend/repository/mongodb/social/collection_repository_mongo.go:364.16,366.3 1 0
Qingyu_backend/repository/mongodb/social/collection_repository_mongo.go:367.2,370.50 3 0
Qingyu_backend/repository/mongodb/social/collection_repository_mongo.go:370.50,372.3 1 0
Qingyu_backend/repository/mongodb/social/collection_repository_mongo.go:374.2,374.21 1 0
Qingyu_backend/repository/mongodb/social/collection_repository_mongo.go:378.120,380.16 2 0
Qingyu_backend/repository/mongodb/social/collection_repository_mongo.go:380.16,382.3 1 0
Qingyu_backend/repository/mongodb/social/collection_repository_mongo.go:385.2,393.16 3 0
Qingyu_backend/repository/mongodb/social/collection_repository_mongo.go:393.16,395.3 1 0
Qingyu_backend/repository/mongodb/social/collection_repository_mongo.go:397.2,397.30 1 0
Qingyu_backend/repository/mongodb/social/collection_repository_mongo.go:397.30,399.3 1 0
Qingyu_backend/repository/mongodb/social/collection_repository_mongo.go:401.2,401.12 1 0
Qingyu_backend/repository/mongodb/social/collection_repository_mongo.go:405.88,407.16 2 0
Qingyu_backend/repository/mongodb/social/collection_repository_mongo.go:407.16,409.3 1 0
Qingyu_backend/repository/mongodb/social/collection_repository_mongo.go:411.2,412.16 2 0
Qingyu_backend/repository/mongodb/social/collection_repository_mongo.go:412.16,414.3 1 0
Qingyu_backend/repository/mongodb/social/collection_repository_mongo.go:416.2,416.30 1 0
Qingyu_backend/repository/mongodb/social/collection_repository_mongo.go:416.30,418.3 1 0
Qingyu_backend/repository/mongodb/social/collection_repository_mongo.go:420.2,420.12 1 0
Qingyu_backend/repository/mongodb/social/collection_repository_mongo.go:424.106,425.20 1 0
Qingyu_backend/repository/mongodb/social/collection_repository_mongo.go:425.20,427.3 1 0
Qingyu_backend/repository/mongodb/social/collection_repository_mongo.go:429.2,430.16 2 0
Qingyu_backend/repository/mongodb/social/collection_repository_mongo.go:430.16,432.3 1 0
Qingyu_backend/repository/mongodb/social/collection_repository_mongo.go:434.2,443.16 2 0
Qingyu_backend/repository/mongodb/social/collection_repository_mongo.go:443.16,445.3 1 0
Qingyu_backend/repository/mongodb/social/collection_repository_mongo.go:447.2,447.12 1 0
Qingyu_backend/repository/mongodb/social/collection_repository_mongo.go:451.106,452.20 1 0
Qingyu_backend/repository/mongodb/social/collection_repository_mongo.go:452.20,454.3 1 0
Qingyu_backend/repository/mongodb/social/collection_repository_mongo.go:456.2,457.16 2 0
Qingyu_backend/repository/mongodb/social/collection_repository_mongo.go:457.16,459.3 1 0
Qingyu_backend/repository/mongodb/social/collection_repository_mongo.go:461.2,470.16 2 0
Qingyu_backend/repository/mongodb/social/collection_repository_mongo.go:470.16,472.3 1 0
Qingyu_backend/repository/mongodb/social/collection_repository_mongo.go:474.2,474.12 1 0
Qingyu_backend/repository/mongodb/social/collection_repository_mongo.go:482.132,487.16 3 0
Qingyu_backend/repository/mongodb/social/collection_repository_mongo.go:487.16,489.3 1 0
Qingyu_backend/repository/mongodb/social/collection_repository_mongo.go:492.2,501.16 4 0
Qingyu_backend/repository/mongodb/social/collection_repository_mongo.go:501.16,503.3 1 0
Qingyu_backend/repository/mongodb/social/collection_repository_mongo.go:504.2,507.54 3 0
Qingyu_backend/repository/mongodb/social/collection_repository_mongo.go:507.54,509.3 1 0
Qingyu_backend/repository/mongodb/social/collection_repository_mongo.go:511.2,511.32 1 0
Qingyu_backend/repository/mongodb/social/collection_repository_mongo.go:515.134,520.16 3 0
Qingyu_backend/repository/mongodb/social/collection_repository_mongo.go:520.16,522.3 1 0
Qingyu_backend/repository/mongodb/social/collection_repository_mongo.go:525.2,534.16 4 0
Qingyu_backend/repository/mongodb/social/collection_repository_mongo.go:534.16,536.3 1 0
Qingyu_backend/repository/mongodb/social/collection_repository_mongo.go:537.2,540.50 3 0
Qingyu_backend/repository/mongodb/social/collection_repository_mongo.go:540.50,542.3 1 0
Qingyu_backend/repository/mongodb/social/collection_repository_mongo.go:544.2,544.28 1 0
Qingyu_backend/repository/mongodb/social/collection_repository_mongo.go:552.109,553.18 1 0
Qingyu_backend/repository/mongodb/social/collection_repository_mongo.go:553.18,555.3 1 0
Qingyu_backend/repository/mongodb/social/collection_repository_mongo.go:557.2,558.16 2 0
Qingyu_backend/repository/mongodb/social/collection_repository_mongo.go:558.16,560.3 1 0
Qingyu_backend/repository/mongodb/social/collection_repository_mongo.go:562.2,562.19 1 0
Qingyu_backend/repository/mongodb/social/collection_repository_mongo.go:566.71,568.2 1 0
Qingyu_backend/repository/mongodb/social/comment_repository_mongo.go:21.76,65.16 6 0
Qingyu_backend/repository/mongodb/social/comment_repository_mongo.go:65.16,68.3 1 0
Qingyu_backend/repository/mongodb/social/comment_repository_mongo.go:70.2,72.3 1 0
Qingyu_backend/repository/mongodb/social/comment_repository_mongo.go:76.93,77.25 1 0
Qingyu_backend/repository/mongodb/social/comment_repository_mongo.go:77.25,79.3 1 0
Qingyu_backend/repository/mongodb/social/comment_repository_mongo.go:81.2,81.32 1 0
Qingyu_backend/repository/mongodb/social/comment_repository_mongo.go:81.32,83.3 1 0
Qingyu_backend/repository/mongodb/social/comment_repository_mongo.go:84.2,87.29 2 0
Qingyu_backend/repository/mongodb/social/comment_repository_mongo.go:87.29,89.3 1 0
Qingyu_backend/repository/mongodb/social/comment_repository_mongo.go:92.2,92.25 1 0
Qingyu_backend/repository/mongodb/social/comment_repository_mongo.go:92.25,94.3 1 0
Qingyu_backend/repository/mongodb/social/comment_repository_mongo.go:96.2,97.16 2 0
Qingyu_backend/repository/mongodb/social/comment_repository_mongo.go:97.16,99.3 1 0
Qingyu_backend/repository/mongodb/social/comment_repository_mongo.go:101.2,101.12 1 0
Qingyu_backend/repository/mongodb/social/comment_repository_mongo.go:105.99,107.16 2 0
Qingyu_backend/repository/mongodb/social/comment_repository_mongo.go:107.16,109.3 1 0
Qingyu_backend/repository/mongodb/social/comment_repository_mongo.go:111.2,113.16 3 0
Qingyu_backend/repository/mongodb/social/comment_repository_mongo.go:113.16,114.34 1 0
Qingyu_backend/repository/mongodb/social/comment_repository_mongo.go:114.34,116.4 1 0
Qingyu_backend/repository/mongodb/social/comment_repository_mongo.go:117.3,117.59 1 0
Qingyu_backend/repository/mongodb/social/comment_repository_mongo.go:120.2,120.22 1 0
Qingyu_backend/repository/mongodb/social/comment_repository_mongo.go:124.111,126.16 2 0
Qingyu_backend/repository/mongodb/social/comment_repository_mongo.go:126.16,128.3 1 0
Qingyu_backend/repository/mongodb/social/comment_repository_mongo.go:130.2,138.16 3 0
Qingyu_backend/repository/mongodb/social/comment_repository_mongo.go:138.16,140.3 1 0
Qingyu_backend/repository/mongodb/social/comment_repository_mongo.go:142.2,142.30 1 0
Qingyu_backend/repository/mongodb/social/comment_repository_mongo.go:142.30,144.3 1 0
Qingyu_backend/repository/mongodb/social/comment_repository_mongo.go:146.2,146.12 1 0
Qingyu_backend/repository/mongodb/social/comment_repository_mongo.go:150.79,152.16 2 0
Qingyu_backend/repository/mongodb/social/comment_repository_mongo.go:152.16,154.3 1 0
Qingyu_backend/repository/mongodb/social/comment_repository_mongo.go:157.2,168.16 2 0
Qingyu_backend/repository/mongodb/social/comment_repository_mongo.go:168.16,170.3 1 0
Qingyu_backend/repository/mongodb/social/comment_repository_mongo.go:172.2,172.30 1 0
Qingyu_backend/repository/mongodb/social/comment_repository_mongo.go:172.30,174.3 1 0
Qingyu_backend/repository/mongodb/social/comment_repository_mongo.go:176.2,176.12 1 0
Qingyu_backend/repository/mongodb/social/comment_repository_mongo.go:180.140,189.2 2 0
Qingyu_backend/repository/mongodb/social/comment_repository_mongo.go:192.140,195.2 2 0
Qingyu_backend/repository/mongodb/social/comment_repository_mongo.go:198.122,205.16 3 0
Qingyu_backend/repository/mongodb/social/comment_repository_mongo.go:205.16,207.3 1 0
Qingyu_backend/repository/mongodb/social/comment_repository_mongo.go:208.2,211.50 3 0
Qingyu_backend/repository/mongodb/social/comment_repository_mongo.go:211.50,213.3 1 0
Qingyu_backend/repository/mongodb/social/comment_repository_mongo.go:215.2,215.21 1 0
Qingyu_backend/repository/mongodb/social/comment_repository_mongo.go:219.146,228.2 2 0
Qingyu_backend/repository/mongodb/social/comment_repository_mongo.go:231.161,240.16 3 0
Qingyu_backend/repository/mongodb/social/comment_repository_mongo.go:241.31,242.80 1 0
Qingyu_backend/repository/mongodb/social/comment_repository_mongo.go:243.34,244.14 1 0
Qingyu_backend/repository/mongodb/social/comment_repository_mongo.go:245.10,246.48 1 0
Qingyu_backend/repository/mongodb/social/comment_repository_mongo.go:249.2,249.54 1 0
Qingyu_backend/repository/mongodb/social/comment_repository_mongo.go:253.108,255.16 2 0
Qingyu_backend/repository/mongodb/social/comment_repository_mongo.go:255.16,257.3 1 0
Qingyu_backend/repository/mongodb/social/comment_repository_mongo.go:259.2,264.18 2 0
Qingyu_backend/repository/mongodb/social/comment_repository_mongo.go:264.18,266.3 1 0
Qingyu_backend/repository/mongodb/social/comment_repository_mongo.go:268.2,274.16 2 0
Qingyu_backend/repository/mongodb/social/comment_repository_mongo.go:274.16,276.3 1 0
Qingyu_backend/repository/mongodb/social/comment_repository_mongo.go:278.2,278.30 1 0
Qingyu_backend/repository/mongodb/social/comment_repository_mongo.go:278.30,280.3 1 0
Qingyu_backend/repository/mongodb/social/comment_repository_mongo.go:282.2,282.12 1 0
Qingyu_backend/repository/mongodb/social/comment_repository_mongo.go:286.124,289.2 2 0
Qingyu_backend/repository/mongodb/social/comment_repository_mongo.go:292.91,294.16 2 0
Qingyu_backend/repository/mongodb/social/comment_repository_mongo.go:294.16,296.3 1 0
Qingyu_backend/repository/mongodb/social/comment_repository_mongo.go:298.2,307.16 2 0
Qingyu_backend/repository/mongodb/social/comment_repository_mongo.go:307.16,309.3 1 0
Qingyu_backend/repository/mongodb/social/comment_repository_mongo.go:311.2,311.12 1 0
Qingyu_backend/repository/mongodb/social/comment_repository_mongo.go:315.91,317.16 2 0
Qingyu_backend/repository/mongodb/social/comment_repository_mongo.go:317.16,319.3 1 0
Qingyu_backend/repository/mongodb/social/comment_repository_mongo.go:321.2,330.16 2 0
Qingyu_backend/repository/mongodb/social/comment_repository_mongo.go:330.16,332.3 1 0
Qingyu_backend/repository/mongodb/social/comment_repository_mongo.go:334.2,334.12 1 0
Qingyu_backend/repository/mongodb/social/comment_repository_mongo.go:338.92,348.16 2 0
Qingyu_backend/repository/mongodb/social/comment_repository_mongo.go:348.16,350.3 1 0
Qingyu_backend/repository/mongodb/social/comment_repository_mongo.go:352.2,352.12 1 0
Qingyu_backend/repository/mongodb/social/comment_repository_mongo.go:356.92,366.16 2 0
Qingyu_backend/repository/mongodb/social/comment_repository_mongo.go:366.16,368.3 1 0
Qingyu_backend/repository/mongodb/social/comment_repository_mongo.go:370.2,370.12 1 0
Qingyu_backend/repository/mongodb/social/comment_repository_mongo.go:374.121,395.16 3 0
Qingyu_backend/repository/mongodb/social/comment_repository_mongo.go:395.16,397.3 1 0
Qingyu_backend/repository/mongodb/social/comment_repository_mongo.go:398.2,401.50 3 0
Qingyu_backend/repository/mongodb/social/comment_repository_mongo.go:401.50,403.3 1 0
Qingyu_backend/repository/mongodb/social/comment_repository_mongo.go:405.2,405.23 1 0
Qingyu_backend/repository/mongodb/social/comment_repository_mongo.go:405.23,415.3 1 0
Qingyu_backend/repository/mongodb/social/comment_repository_mongo.go:417.2,417.24 1 0
Qingyu_backend/repository/mongodb/social/comment_repository_mongo.go:421.101,428.16 2 0
Qingyu_backend/repository/mongodb/social/comment_repository_mongo.go:428.16,430.3 1 0
Qingyu_backend/repository/mongodb/social/comment_repository_mongo.go:432.2,432.19 1 0
Qingyu_backend/repository/mongodb/social/comment_repository_mongo.go:436.113,438.16 2 0
Qingyu_backend/repository/mongodb/social/comment_repository_mongo.go:438.16,440.3 1 0
Qingyu_backend/repository/mongodb/social/comment_repository_mongo.go:441.2,444.51 3 0
Qingyu_backend/repository/mongodb/social/comment_repository_mongo.go:444.51,446.3 1 0
Qingyu_backend/repository/mongodb/social/comment_repository_mongo.go:448.2,448.22 1 0
Qingyu_backend/repository/mongodb/social/comment_repository_mongo.go:452.99,467.16 2 0
Qingyu_backend/repository/mongodb/social/comment_repository_mongo.go:467.16,469.3 1 0
Qingyu_backend/repository/mongodb/social/comment_repository_mongo.go:471.2,471.12 1 0
Qingyu_backend/repository/mongodb/social/comment_repository_mongo.go:475.68,477.2 1 0
Qingyu_backend/repository/mongodb/social/comment_repository_mongo.go:480.146,483.16 2 0
Qingyu_backend/repository/mongodb/social/comment_repository_mongo.go:483.16,485.3 1 0
Qingyu_backend/repository/mongodb/social/comment_repository_mongo.go:488.2,497.16 4 0
Qingyu_backend/repository/mongodb/social/comment_repository_mongo.go:497.16,499.3 1 0
Qingyu_backend/repository/mongodb/social/comment_repository_mongo.go:500.2,503.51 3 0
Qingyu_backend/repository/mongodb/social/comment_repository_mongo.go:503.51,505.3 1 0
Qingyu_backend/repository/mongodb/social/comment_repository_mongo.go:507.2,507.29 1 0
Qingyu_backend/repository/mongodb/social/follow_repository_mongo.go:24.79,68.16 8 1
Qingyu_backend/repository/mongodb/social/follow_repository_mongo.go:68.16,70.3 1 0
Qingyu_backend/repository/mongodb/social/follow_repository_mongo.go:72.2,73.16 2 1
Qingyu_backend/repository/mongodb/social/follow_repository_mongo.go:73.16,75.3 1 0
Qingyu_backend/repository/mongodb/social/follow_repository_mongo.go:77.2,80.3 1 1
Qingyu_backend/repository/mongodb/social/follow_repository_mongo.go:86.96,87.24 1 1
Qingyu_backend/repository/mongodb/social/follow_repository_mongo.go:87.24,89.3 1 1
Qingyu_backend/repository/mongodb/social/follow_repository_mongo.go:90.2,95.16 5 1
Qingyu_backend/repository/mongodb/social/follow_repository_mongo.go:95.16,97.3 1 1
Qingyu_backend/repository/mongodb/social/follow_repository_mongo.go:98.2,98.12 1 1
Qingyu_backend/repository/mongodb/social/follow_repository_mongo.go:102.117,110.16 3 1
Qingyu_backend/repository/mongodb/social/follow_repository_mongo.go:110.16,112.3 1 0
Qingyu_backend/repository/mongodb/social/follow_repository_mongo.go:113.2,113.12 1 1
Qingyu_backend/repository/mongodb/social/follow_repository_mongo.go:117.132,126.16 4 1
Qingyu_backend/repository/mongodb/social/follow_repository_mongo.go:126.16,127.34 1 1
Qingyu_backend/repository/mongodb/social/follow_repository_mongo.go:127.34,129.4 1 1
Qingyu_backend/repository/mongodb/social/follow_repository_mongo.go:130.3,130.58 1 0
Qingyu_backend/repository/mongodb/social/follow_repository_mongo.go:132.2,132.21 1 1
Qingyu_backend/repository/mongodb/social/follow_repository_mongo.go:136.124,144.16 3 1
Qingyu_backend/repository/mongodb/social/follow_repository_mongo.go:144.16,146.3 1 0
Qingyu_backend/repository/mongodb/social/follow_repository_mongo.go:147.2,147.23 1 1
Qingyu_backend/repository/mongodb/social/follow_repository_mongo.go:151.154,159.16 3 1
Qingyu_backend/repository/mongodb/social/follow_repository_mongo.go:159.16,161.3 1 0
Qingyu_backend/repository/mongodb/social/follow_repository_mongo.go:164.2,171.16 4 1
Qingyu_backend/repository/mongodb/social/follow_repository_mongo.go:171.16,173.3 1 0
Qingyu_backend/repository/mongodb/social/follow_repository_mongo.go:174.2,177.49 3 1
Qingyu_backend/repository/mongodb/social/follow_repository_mongo.go:177.49,179.3 1 0
Qingyu_backend/repository/mongodb/social/follow_repository_mongo.go:182.2,182.20 1 1
Qingyu_backend/repository/mongodb/social/follow_repository_mongo.go:182.20,184.3 1 1
Qingyu_backend/repository/mongodb/social/follow_repository_mongo.go:186.2,186.28 1 1
Qingyu_backend/repository/mongodb/social/follow_repository_mongo.go:190.157,198.16 3 1
Qingyu_backend/repository/mongodb/social/follow_repository_mongo.go:198.16,200.3 1 0
Qingyu_backend/repository/mongodb/social/follow_repository_mongo.go:203.2,210.16 4 1
Qingyu_backend/repository/mongodb/social/follow_repository_mongo.go:210.16,212.3 1 0
Qingyu_backend/repository/mongodb/social/follow_repository_mongo.go:213.2,216.49 3 1
Qingyu_backend/repository/mongodb/social/follow_repository_mongo.go:216.49,218.3 1 0
Qingyu_backend/repository/mongodb/social/follow_repository_mongo.go:221.2,221.20 1 1
Qingyu_backend/repository/mongodb/social/follow_repository_mongo.go:221.20,223.3 1 1
Qingyu_backend/repository/mongodb/social/follow_repository_mongo.go:225.2,225.28 1 1
Qingyu_backend/repository/mongodb/social/follow_repository_mongo.go:229.138,244.16 4 1
Qingyu_backend/repository/mongodb/social/follow_repository_mongo.go:244.16,246.3 1 0
Qingyu_backend/repository/mongodb/social/follow_repository_mongo.go:247.2,247.12 1 1
Qingyu_backend/repository/mongodb/social/follow_repository_mongo.go:253.114,254.30 1 1
Qingyu_backend/repository/mongodb/social/follow_repository_mongo.go:254.30,256.3 1 1
Qingyu_backend/repository/mongodb/social/follow_repository_mongo.go:257.2,262.16 5 1
Qingyu_backend/repository/mongodb/social/follow_repository_mongo.go:262.16,264.3 1 1
Qingyu_backend/repository/mongodb/social/follow_repository_mongo.go:265.2,265.12 1 1
Qingyu_backend/repository/mongodb/social/follow_repository_mongo.go:269.104,276.16 3 1
Qingyu_backend/repository/mongodb/social/follow_repository_mongo.go:276.16,278.3 1 0
Qingyu_backend/repository/mongodb/social/follow_repository_mongo.go:279.2,279.12 1 1
Qingyu_backend/repository/mongodb/social/follow_repository_mongo.go:283.125,291.16 4 1
Qingyu_backend/repository/mongodb/social/follow_repository_mongo.go:291.16,292.34 1 1
Qingyu_backend/repository/mongodb/social/follow_repository_mongo.go:292.34,294.4 1 1
Qingyu_backend/repository/mongodb/social/follow_repository_mongo.go:295.3,295.65 1 0
Qingyu_backend/repository/mongodb/social/follow_repository_mongo.go:297.2,297.27 1 1
Qingyu_backend/repository/mongodb/social/follow_repository_mongo.go:301.143,308.16 3 1
Qingyu_backend/repository/mongodb/social/follow_repository_mongo.go:308.16,310.3 1 0
Qingyu_backend/repository/mongodb/social/follow_repository_mongo.go:313.2,320.16 4 1
Qingyu_backend/repository/mongodb/social/follow_repository_mongo.go:320.16,322.3 1 0
Qingyu_backend/repository/mongodb/social/follow_repository_mongo.go:323.2,326.49 3 1
Qingyu_backend/repository/mongodb/social/follow_repository_mongo.go:326.49,328.3 1 0
Qingyu_backend/repository/mongodb/social/follow_repository_mongo.go:331.2,331.20 1 1
Qingyu_backend/repository/mongodb/social/follow_repository_mongo.go:331.20,333.3 1 1
Qingyu_backend/repository/mongodb/social/follow_repository_mongo.go:335.2,335.28 1 1
Qingyu_backend/repository/mongodb/social/follow_repository_mongo.go:339.148,346.16 3 1
Qingyu_backend/repository/mongodb/social/follow_repository_mongo.go:346.16,348.3 1 0
Qingyu_backend/repository/mongodb/social/follow_repository_mongo.go:351.2,358.16 4 1
Qingyu_backend/repository/mongodb/social/follow_repository_mongo.go:358.16,360.3 1 0
Qingyu_backend/repository/mongodb/social/follow_repository_mongo.go:361.2,364.55 3 1
Qingyu_backend/repository/mongodb/social/follow_repository_mongo.go:364.55,366.3 1 0
Qingyu_backend/repository/mongodb/social/follow_repository_mongo.go:369.2,369.26 1 1
Qingyu_backend/repository/mongodb/social/follow_repository_mongo.go:369.26,371.3 1 1
Qingyu_backend/repository/mongodb/social/follow_repository_mongo.go:373.2,373.34 1 1
Qingyu_backend/repository/mongodb/social/follow_repository_mongo.go:379.113,385.16 2 1
Qingyu_backend/repository/mongodb/social/follow_repository_mongo.go:385.16,387.3 1 0
Qingyu_backend/repository/mongodb/social/follow_repository_mongo.go:390.2,394.16 2 1
Qingyu_backend/repository/mongodb/social/follow_repository_mongo.go:394.16,396.3 1 0
Qingyu_backend/repository/mongodb/social/follow_repository_mongo.go:398.2,403.8 1 1
Qingyu_backend/repository/mongodb/social/follow_repository_mongo.go:407.128,411.2 1 1
Qingyu_backend/repository/mongodb/social/follow_repository_mongo.go:414.111,419.16 2 1
Qingyu_backend/repository/mongodb/social/follow_repository_mongo.go:419.16,421.3 1 0
Qingyu_backend/repository/mongodb/social/follow_repository_mongo.go:422.2,422.19 1 1
Qingyu_backend/repository/mongodb/social/follow_repository_mongo.go:426.111,431.16 2 1
Qingyu_backend/repository/mongodb/social/follow_repository_mongo.go:431.16,433.3 1 0
Qingyu_backend/repository/mongodb/social/follow_repository_mongo.go:434.2,434.19 1 1
Qingyu_backend/repository/mongodb/social/follow_repository_mongo.go:438.67,441.16 2 1
Qingyu_backend/repository/mongodb/social/follow_repository_mongo.go:441.16,443.3 1 0
Qingyu_backend/repository/mongodb/social/follow_repository_mongo.go:445.2,446.16 2 1
Qingyu_backend/repository/mongodb/social/follow_repository_mongo.go:446.16,448.3 1 0
Qingyu_backend/repository/mongodb/social/follow_repository_mongo.go:450.2,450.12 1 1
Qingyu_backend/repository/mongodb/social/like_repository_mongo.go:22.70,56.16 6 0
Qingyu_backend/repository/mongodb/social/like_repository_mongo.go:56.16,58.3 1 0
Qingyu_backend/repository/mongodb/social/like_repository_mongo.go:60.2,62.3 1 0
Qingyu_backend/repository/mongodb/social/like_repository_mongo.go:66.85,67.22 1 0
Qingyu_backend/repository/mongodb/social/like_repository_mongo.go:67.22,69.3 1 0
Qingyu_backend/repository/mongodb/social/like_repository_mongo.go:71.2,71.29 1 0
Qingyu_backend/repository/mongodb/social/like_repository_mongo.go:71.29,73.3 1 0
Qingyu_backend/repository/mongodb/social/like_repository_mongo.go:76.2,76.71 1 0
Qingyu_backend/repository/mongodb/social/like_repository_mongo.go:76.71,78.3 1 0
Qingyu_backend/repository/mongodb/social/like_repository_mongo.go:81.2,82.16 2 0
Qingyu_backend/repository/mongodb/social/like_repository_mongo.go:82.16,84.37 1 0
Qingyu_backend/repository/mongodb/social/like_repository_mongo.go:84.37,86.4 1 0
Qingyu_backend/repository/mongodb/social/like_repository_mongo.go:87.3,87.51 1 0
Qingyu_backend/repository/mongodb/social/like_repository_mongo.go:92.2,92.12 1 0
Qingyu_backend/repository/mongodb/social/like_repository_mongo.go:96.106,97.56 1 0
Qingyu_backend/repository/mongodb/social/like_repository_mongo.go:97.56,99.3 1 0
Qingyu_backend/repository/mongodb/social/like_repository_mongo.go:101.2,107.16 2 0
Qingyu_backend/repository/mongodb/social/like_repository_mongo.go:107.16,109.3 1 0
Qingyu_backend/repository/mongodb/social/like_repository_mongo.go:111.2,111.30 1 0
Qingyu_backend/repository/mongodb/social/like_repository_mongo.go:111.30,113.3 1 0
Qingyu_backend/repository/mongodb/social/like_repository_mongo.go:117.2,117.12 1 0
Qingyu_backend/repository/mongodb/social/like_repository_mongo.go:121.111,122.56 1 0
Qingyu_backend/repository/mongodb/social/like_repository_mongo.go:122.56,124.3 1 0
Qingyu_backend/repository/mongodb/social/like_repository_mongo.go:128.2,134.16 2 0
Qingyu_backend/repository/mongodb/social/like_repository_mongo.go:134.16,136.3 1 0
Qingyu_backend/repository/mongodb/social/like_repository_mongo.go:138.2,138.23 1 0
Qingyu_backend/repository/mongodb/social/like_repository_mongo.go:142.93,144.16 2 0
Qingyu_backend/repository/mongodb/social/like_repository_mongo.go:144.16,146.3 1 0
Qingyu_backend/repository/mongodb/social/like_repository_mongo.go:148.2,150.16 3 0
Qingyu_backend/repository/mongodb/social/like_repository_mongo.go:150.16,151.34 1 0
Qingyu_backend/repository/mongodb/social/like_repository_mongo.go:151.34,153.4 1 0
Qingyu_backend/repository/mongodb/social/like_repository_mongo.go:154.3,154.56 1 0
Qingyu_backend/repository/mongodb/social/like_repository_mongo.go:157.2,157.19 1 0
Qingyu_backend/repository/mongodb/social/like_repository_mongo.go:161.139,162.18 1 0
Qingyu_backend/repository/mongodb/social/like_repository_mongo.go:162.18,164.3 1 0
Qingyu_backend/repository/mongodb/social/like_repository_mongo.go:166.2,167.22 2 0
Qingyu_backend/repository/mongodb/social/like_repository_mongo.go:167.22,169.3 1 0
Qingyu_backend/repository/mongodb/social/like_repository_mongo.go:172.2,173.16 2 0
Qingyu_backend/repository/mongodb/social/like_repository_mongo.go:173.16,175.3 1 0
Qingyu_backend/repository/mongodb/social/like_repository_mongo.go:178.2,187.16 4 0
Qingyu_backend/repository/mongodb/social/like_repository_mongo.go:187.16,189.3 1 0
Qingyu_backend/repository/mongodb/social/like_repository_mongo.go:190.2,193.48 3 0
Qingyu_backend/repository/mongodb/social/like_repository_mongo.go:193.48,195.3 1 0
Qingyu_backend/repository/mongodb/social/like_repository_mongo.go:197.2,197.26 1 0
Qingyu_backend/repository/mongodb/social/like_repository_mongo.go:201.109,202.40 1 0
Qingyu_backend/repository/mongodb/social/like_repository_mongo.go:202.40,204.3 1 0
Qingyu_backend/repository/mongodb/social/like_repository_mongo.go:208.2,213.16 2 0
Qingyu_backend/repository/mongodb/social/like_repository_mongo.go:213.16,215.3 1 0
Qingyu_backend/repository/mongodb/social/like_repository_mongo.go:217.2,217.19 1 0
Qingyu_backend/repository/mongodb/social/like_repository_mongo.go:221.136,222.45 1 0
Qingyu_backend/repository/mongodb/social/like_repository_mongo.go:222.45,224.3 1 0
Qingyu_backend/repository/mongodb/social/like_repository_mongo.go:227.2,239.16 3 0
Qingyu_backend/repository/mongodb/social/like_repository_mongo.go:239.16,241.3 1 0
Qingyu_backend/repository/mongodb/social/like_repository_mongo.go:242.2,245.23 3 0
Qingyu_backend/repository/mongodb/social/like_repository_mongo.go:245.23,250.45 2 0
Qingyu_backend/repository/mongodb/social/like_repository_mongo.go:250.45,251.12 1 0
Qingyu_backend/repository/mongodb/social/like_repository_mongo.go:253.3,253.29 1 0
Qingyu_backend/repository/mongodb/social/like_repository_mongo.go:257.2,257.37 1 0
Qingyu_backend/repository/mongodb/social/like_repository_mongo.go:257.37,258.45 1 0
Qingyu_backend/repository/mongodb/social/like_repository_mongo.go:258.45,260.4 1 0
Qingyu_backend/repository/mongodb/social/like_repository_mongo.go:263.2,263.20 1 0
Qingyu_backend/repository/mongodb/social/like_repository_mongo.go:267.147,268.61 1 0
Qingyu_backend/repository/mongodb/social/like_repository_mongo.go:268.61,270.3 1 0
Qingyu_backend/repository/mongodb/social/like_repository_mongo.go:273.2,279.16 2 0
Qingyu_backend/repository/mongodb/social/like_repository_mongo.go:279.16,281.3 1 0
Qingyu_backend/repository/mongodb/social/like_repository_mongo.go:282.2,286.37 3 0
Qingyu_backend/repository/mongodb/social/like_repository_mongo.go:286.37,288.3 1 0
Qingyu_backend/repository/mongodb/social/like_repository_mongo.go:291.2,291.23 1 0
Qingyu_backend/repository/mongodb/social/like_repository_mongo.go:291.23,293.46 2 0
Qingyu_backend/repository/mongodb/social/like_repository_mongo.go:293.46,294.12 1 0
Qingyu_backend/repository/mongodb/social/like_repository_mongo.go:296.3,296.31 1 0
Qingyu_backend/repository/mongodb/social/like_repository_mongo.go:299.2,299.20 1 0
Qingyu_backend/repository/mongodb/social/like_repository_mongo.go:303.97,304.18 1 0
Qingyu_backend/repository/mongodb/social/like_repository_mongo.go:304.18,306.3 1 0
Qingyu_backend/repository/mongodb/social/like_repository_mongo.go:308.2,309.16 2 0
Qingyu_backend/repository/mongodb/social/like_repository_mongo.go:309.16,311.3 1 0
Qingyu_backend/repository/mongodb/social/like_repository_mongo.go:313.2,313.19 1 0
Qingyu_backend/repository/mongodb/social/like_repository_mongo.go:317.113,319.2 1 0
Qingyu_backend/repository/mongodb/social/like_repository_mongo.go:322.65,324.2 1 0
Qingyu_backend/repository/mongodb/social/message_repository_mongo.go:25.76,44.2 8 0
Qingyu_backend/repository/mongodb/social/message_repository_mongo.go:47.69,59.16 3 0
Qingyu_backend/repository/mongodb/social/message_repository_mongo.go:59.16,61.3 1 0
Qingyu_backend/repository/mongodb/social/message_repository_mongo.go:64.2,86.16 3 0
Qingyu_backend/repository/mongodb/social/message_repository_mongo.go:86.16,88.3 1 0
Qingyu_backend/repository/mongodb/social/message_repository_mongo.go:91.2,111.16 3 0
Qingyu_backend/repository/mongodb/social/message_repository_mongo.go:111.16,113.3 1 0
Qingyu_backend/repository/mongodb/social/message_repository_mongo.go:119.115,120.30 1 0
Qingyu_backend/repository/mongodb/social/message_repository_mongo.go:120.30,122.3 1 0
Qingyu_backend/repository/mongodb/social/message_repository_mongo.go:124.2,124.37 1 0
Qingyu_backend/repository/mongodb/social/message_repository_mongo.go:124.37,126.3 1 0
Qingyu_backend/repository/mongodb/social/message_repository_mongo.go:127.2,129.37 2 0
Qingyu_backend/repository/mongodb/social/message_repository_mongo.go:129.37,131.3 1 0
Qingyu_backend/repository/mongodb/social/message_repository_mongo.go:133.2,134.16 2 0
Qingyu_backend/repository/mongodb/social/message_repository_mongo.go:134.16,136.3 1 0
Qingyu_backend/repository/mongodb/social/message_repository_mongo.go:138.2,138.12 1 0
Qingyu_backend/repository/mongodb/social/message_repository_mongo.go:142.128,144.16 2 0
Qingyu_backend/repository/mongodb/social/message_repository_mongo.go:144.16,146.3 1 0
Qingyu_backend/repository/mongodb/social/message_repository_mongo.go:148.2,150.16 3 0
Qingyu_backend/repository/mongodb/social/message_repository_mongo.go:150.16,151.34 1 0
Qingyu_backend/repository/mongodb/social/message_repository_mongo.go:151.34,153.4 1 0
Qingyu_backend/repository/mongodb/social/message_repository_mongo.go:154.3,154.64 1 0
Qingyu_backend/repository/mongodb/social/message_repository_mongo.go:157.2,157.27 1 0
Qingyu_backend/repository/mongodb/social/message_repository_mongo.go:161.140,172.16 4 0
Qingyu_backend/repository/mongodb/social/message_repository_mongo.go:172.16,173.34 1 0
Qingyu_backend/repository/mongodb/social/message_repository_mongo.go:173.34,175.4 1 0
Qingyu_backend/repository/mongodb/social/message_repository_mongo.go:176.3,176.80 1 0
Qingyu_backend/repository/mongodb/social/message_repository_mongo.go:179.2,179.27 1 0
Qingyu_backend/repository/mongodb/social/message_repository_mongo.go:183.146,190.16 3 0
Qingyu_backend/repository/mongodb/social/message_repository_mongo.go:190.16,192.3 1 0
Qingyu_backend/repository/mongodb/social/message_repository_mongo.go:195.2,202.16 4 0
Qingyu_backend/repository/mongodb/social/message_repository_mongo.go:202.16,204.3 1 0
Qingyu_backend/repository/mongodb/social/message_repository_mongo.go:205.2,208.55 3 0
Qingyu_backend/repository/mongodb/social/message_repository_mongo.go:208.55,210.3 1 0
Qingyu_backend/repository/mongodb/social/message_repository_mongo.go:212.2,212.34 1 0
Qingyu_backend/repository/mongodb/social/message_repository_mongo.go:216.135,218.16 2 0
Qingyu_backend/repository/mongodb/social/message_repository_mongo.go:218.16,220.3 1 0
Qingyu_backend/repository/mongodb/social/message_repository_mongo.go:222.2,225.16 3 0
Qingyu_backend/repository/mongodb/social/message_repository_mongo.go:225.16,227.3 1 0
Qingyu_backend/repository/mongodb/social/message_repository_mongo.go:229.2,229.12 1 0
Qingyu_backend/repository/mongodb/social/message_repository_mongo.go:233.103,235.16 2 0
Qingyu_backend/repository/mongodb/social/message_repository_mongo.go:235.16,237.3 1 0
Qingyu_backend/repository/mongodb/social/message_repository_mongo.go:239.2,240.16 2 0
Qingyu_backend/repository/mongodb/social/message_repository_mongo.go:240.16,242.3 1 0
Qingyu_backend/repository/mongodb/social/message_repository_mongo.go:244.2,244.12 1 0
Qingyu_backend/repository/mongodb/social/message_repository_mongo.go:248.127,250.16 2 0
Qingyu_backend/repository/mongodb/social/message_repository_mongo.go:250.16,252.3 1 0
Qingyu_backend/repository/mongodb/social/message_repository_mongo.go:254.2,262.16 3 0
Qingyu_backend/repository/mongodb/social/message_repository_mongo.go:262.16,264.3 1 0
Qingyu_backend/repository/mongodb/social/message_repository_mongo.go:266.2,266.12 1 0
Qingyu_backend/repository/mongodb/social/message_repository_mongo.go:270.113,272.16 2 0
Qingyu_backend/repository/mongodb/social/message_repository_mongo.go:272.16,274.3 1 0
Qingyu_backend/repository/mongodb/social/message_repository_mongo.go:276.2,286.16 3 0
Qingyu_backend/repository/mongodb/social/message_repository_mongo.go:286.16,288.3 1 0
Qingyu_backend/repository/mongodb/social/message_repository_mongo.go:290.2,290.12 1 0
Qingyu_backend/repository/mongodb/social/message_repository_mongo.go:294.109,296.16 2 0
Qingyu_backend/repository/mongodb/social/message_repository_mongo.go:296.16,298.3 1 0
Qingyu_backend/repository/mongodb/social/message_repository_mongo.go:300.2,308.16 3 0
Qingyu_backend/repository/mongodb/social/message_repository_mongo.go:308.16,310.3 1 0
Qingyu_backend/repository/mongodb/social/message_repository_mongo.go:312.2,312.12 1 0
Qingyu_backend/repository/mongodb/social/message_repository_mongo.go:318.100,319.25 1 0
Qingyu_backend/repository/mongodb/social/message_repository_mongo.go:319.25,321.3 1 0
Qingyu_backend/repository/mongodb/social/message_repository_mongo.go:323.2,323.32 1 0
Qingyu_backend/repository/mongodb/social/message_repository_mongo.go:323.32,325.3 1 0
Qingyu_backend/repository/mongodb/social/message_repository_mongo.go:326.2,329.16 3 0
Qingyu_backend/repository/mongodb/social/message_repository_mongo.go:329.16,331.3 1 0
Qingyu_backend/repository/mongodb/social/message_repository_mongo.go:333.2,333.12 1 0
Qingyu_backend/repository/mongodb/social/message_repository_mongo.go:337.113,339.16 2 0
Qingyu_backend/repository/mongodb/social/message_repository_mongo.go:339.16,341.3 1 0
Qingyu_backend/repository/mongodb/social/message_repository_mongo.go:343.2,345.16 3 0
Qingyu_backend/repository/mongodb/social/message_repository_mongo.go:345.16,346.34 1 0
Qingyu_backend/repository/mongodb/social/message_repository_mongo.go:346.34,348.4 1 0
Qingyu_backend/repository/mongodb/social/message_repository_mongo.go:349.3,349.59 1 0
Qingyu_backend/repository/mongodb/social/message_repository_mongo.go:352.2,352.22 1 0
Qingyu_backend/repository/mongodb/social/message_repository_mongo.go:356.154,364.16 3 0
Qingyu_backend/repository/mongodb/social/message_repository_mongo.go:364.16,366.3 1 0
Qingyu_backend/repository/mongodb/social/message_repository_mongo.go:369.2,376.16 4 0
Qingyu_backend/repository/mongodb/social/message_repository_mongo.go:376.16,378.3 1 0
Qingyu_backend/repository/mongodb/social/message_repository_mongo.go:379.2,382.50 3 0
Qingyu_backend/repository/mongodb/social/message_repository_mongo.go:382.50,384.3 1 0
Qingyu_backend/repository/mongodb/social/message_repository_mongo.go:386.2,386.29 1 0
Qingyu_backend/repository/mongodb/social/message_repository_mongo.go:390.154,401.16 3 0
Qingyu_backend/repository/mongodb/social/message_repository_mongo.go:401.16,403.3 1 0
Qingyu_backend/repository/mongodb/social/message_repository_mongo.go:406.2,413.16 4 0
Qingyu_backend/repository/mongodb/social/message_repository_mongo.go:413.16,415.3 1 0
Qingyu_backend/repository/mongodb/social/message_repository_mongo.go:416.2,419.50 3 0
Qingyu_backend/repository/mongodb/social/message_repository_mongo.go:419.50,421.3 1 0
Qingyu_backend/repository/mongodb/social/message_repository_mongo.go:423.2,423.29 1 0
Qingyu_backend/repository/mongodb/social/message_repository_mongo.go:427.97,429.16 2 0
Qingyu_backend/repository/mongodb/social/message_repository_mongo.go:429.16,431.3 1 0
Qingyu_backend/repository/mongodb/social/message_repository_mongo.go:434.2,436.16 3 0
Qingyu_backend/repository/mongodb/social/message_repository_mongo.go:436.16,438.3 1 0
Qingyu_backend/repository/mongodb/social/message_repository_mongo.go:440.2,450.16 4 0
Qingyu_backend/repository/mongodb/social/message_repository_mongo.go:450.16,452.3 1 0
Qingyu_backend/repository/mongodb/social/message_repository_mongo.go:454.2,454.30 1 0
Qingyu_backend/repository/mongodb/social/message_repository_mongo.go:454.30,456.3 1 0
Qingyu_backend/repository/mongodb/social/message_repository_mongo.go:458.2,458.12 1 0
Qingyu_backend/repository/mongodb/social/message_repository_mongo.go:462.123,479.16 5 0
Qingyu_backend/repository/mongodb/social/message_repository_mongo.go:479.16,481.3 1 0
Qingyu_backend/repository/mongodb/social/message_repository_mongo.go:483.2,483.12 1 0
Qingyu_backend/repository/mongodb/social/message_repository_mongo.go:487.93,489.16 2 0
Qingyu_backend/repository/mongodb/social/message_repository_mongo.go:489.16,491.3 1 0
Qingyu_backend/repository/mongodb/social/message_repository_mongo.go:493.2,503.16 4 0
Qingyu_backend/repository/mongodb/social/message_repository_mongo.go:503.16,505.3 1 0
Qingyu_backend/repository/mongodb/social/message_repository_mongo.go:507.2,507.12 1 0
Qingyu_backend/repository/mongodb/social/message_repository_mongo.go:511.103,529.16 3 0
Qingyu_backend/repository/mongodb/social/message_repository_mongo.go:529.16,531.3 1 0
Qingyu_backend/repository/mongodb/social/message_repository_mongo.go:532.2,538.22 3 0
Qingyu_backend/repository/mongodb/social/message_repository_mongo.go:538.22,539.48 1 0
Qingyu_backend/repository/mongodb/social/message_repository_mongo.go:539.48,541.4 1 0
Qingyu_backend/repository/mongodb/social/message_repository_mongo.go:542.3,542.27 1 0
Qingyu_backend/repository/mongodb/social/message_repository_mongo.go:545.2,545.15 1 0
Qingyu_backend/repository/mongodb/social/message_repository_mongo.go:551.100,552.25 1 0
Qingyu_backend/repository/mongodb/social/message_repository_mongo.go:552.25,554.3 1 0
Qingyu_backend/repository/mongodb/social/message_repository_mongo.go:556.2,556.32 1 0
Qingyu_backend/repository/mongodb/social/message_repository_mongo.go:556.32,558.3 1 0
Qingyu_backend/repository/mongodb/social/message_repository_mongo.go:559.2,562.21 2 0
Qingyu_backend/repository/mongodb/social/message_repository_mongo.go:562.21,564.3 1 0
Qingyu_backend/repository/mongodb/social/message_repository_mongo.go:566.2,567.16 2 0
Qingyu_backend/repository/mongodb/social/message_repository_mongo.go:567.16,569.3 1 0
Qingyu_backend/repository/mongodb/social/message_repository_mongo.go:571.2,571.12 1 0
Qingyu_backend/repository/mongodb/social/message_repository_mongo.go:575.113,577.16 2 0
Qingyu_backend/repository/mongodb/social/message_repository_mongo.go:577.16,579.3 1 0
Qingyu_backend/repository/mongodb/social/message_repository_mongo.go:581.2,583.16 3 0
Qingyu_backend/repository/mongodb/social/message_repository_mongo.go:583.16,584.34 1 0
Qingyu_backend/repository/mongodb/social/message_repository_mongo.go:584.34,586.4 1 0
Qingyu_backend/repository/mongodb/social/message_repository_mongo.go:587.3,587.59 1 0
Qingyu_backend/repository/mongodb/social/message_repository_mongo.go:590.2,590.22 1 0
Qingyu_backend/repository/mongodb/social/message_repository_mongo.go:594.136,601.16 3 0
Qingyu_backend/repository/mongodb/social/message_repository_mongo.go:601.16,603.3 1 0
Qingyu_backend/repository/mongodb/social/message_repository_mongo.go:606.2,613.16 4 0
Qingyu_backend/repository/mongodb/social/message_repository_mongo.go:613.16,615.3 1 0
Qingyu_backend/repository/mongodb/social/message_repository_mongo.go:616.2,619.50 3 0
Qingyu_backend/repository/mongodb/social/message_repository_mongo.go:619.50,621.3 1 0
Qingyu_backend/repository/mongodb/social/message_repository_mongo.go:623.2,623.29 1 0
Qingyu_backend/repository/mongodb/social/message_repository_mongo.go:627.138,635.16 3 0
Qingyu_backend/repository/mongodb/social/message_repository_mongo.go:635.16,637.3 1 0
Qingyu_backend/repository/mongodb/social/message_repository_mongo.go:640.2,647.16 4 0
Qingyu_backend/repository/mongodb/social/message_repository_mongo.go:647.16,649.3 1 0
Qingyu_backend/repository/mongodb/social/message_repository_mongo.go:650.2,653.50 3 0
Qingyu_backend/repository/mongodb/social/message_repository_mongo.go:653.50,655.3 1 0
Qingyu_backend/repository/mongodb/social/message_repository_mongo.go:657.2,657.29 1 0
Qingyu_backend/repository/mongodb/social/message_repository_mongo.go:661.97,663.16 2 0
Qingyu_backend/repository/mongodb/social/message_repository_mongo.go:663.16,665.3 1 0
Qingyu_backend/repository/mongodb/social/message_repository_mongo.go:667.2,677.16 4 0
Qingyu_backend/repository/mongodb/social/message_repository_mongo.go:677.16,679.3 1 0
Qingyu_backend/repository/mongodb/social/message_repository_mongo.go:681.2,681.12 1 0
Qingyu_backend/repository/mongodb/social/message_repository_mongo.go:685.98,701.16 5 0
Qingyu_backend/repository/mongodb/social/message_repository_mongo.go:701.16,703.3 1 0
Qingyu_backend/repository/mongodb/social/message_repository_mongo.go:705.2,705.12 1 0
Qingyu_backend/repository/mongodb/social/message_repository_mongo.go:709.103,714.16 2 0
Qingyu_backend/repository/mongodb/social/message_repository_mongo.go:714.16,716.3 1 0
Qingyu_backend/repository/mongodb/social/message_repository_mongo.go:718.2,718.24 1 0
Qingyu_backend/repository/mongodb/social/message_repository_mongo.go:722.93,724.16 2 0
Qingyu_backend/repository/mongodb/social/message_repository_mongo.go:724.16,726.3 1 0
Qingyu_backend/repository/mongodb/social/message_repository_mongo.go:728.2,729.16 2 0
Qingyu_backend/repository/mongodb/social/message_repository_mongo.go:729.16,731.3 1 0
Qingyu_backend/repository/mongodb/social/message_repository_mongo.go:733.2,733.12 1 0
Qingyu_backend/repository/mongodb/social/message_repository_mongo.go:737.68,740.2 1 0
Qingyu_backend/repository/mongodb/social/review_repository_mongo.go:23.74,66.16 7 0
Qingyu_backend/repository/mongodb/social/review_repository_mongo.go:66.16,68.3 1 0
Qingyu_backend/repository/mongodb/social/review_repository_mongo.go:71.2,88.16 3 0
Qingyu_backend/repository/mongodb/social/review_repository_mongo.go:88.16,90.3 1 0
Qingyu_backend/repository/mongodb/social/review_repository_mongo.go:92.2,95.3 1 0
Qingyu_backend/repository/mongodb/social/review_repository_mongo.go:101.96,102.24 1 0
Qingyu_backend/repository/mongodb/social/review_repository_mongo.go:102.24,104.3 1 0
Qingyu_backend/repository/mongodb/social/review_repository_mongo.go:106.2,106.31 1 0
Qingyu_backend/repository/mongodb/social/review_repository_mongo.go:106.31,108.3 1 0
Qingyu_backend/repository/mongodb/social/review_repository_mongo.go:109.2,112.27 2 0
Qingyu_backend/repository/mongodb/social/review_repository_mongo.go:112.27,114.3 1 0
Qingyu_backend/repository/mongodb/social/review_repository_mongo.go:115.2,115.30 1 0
Qingyu_backend/repository/mongodb/social/review_repository_mongo.go:115.30,117.3 1 0
Qingyu_backend/repository/mongodb/social/review_repository_mongo.go:119.2,120.16 2 0
Qingyu_backend/repository/mongodb/social/review_repository_mongo.go:120.16,122.3 1 0
Qingyu_backend/repository/mongodb/social/review_repository_mongo.go:124.2,124.12 1 0
Qingyu_backend/repository/mongodb/social/review_repository_mongo.go:128.109,130.16 2 0
Qingyu_backend/repository/mongodb/social/review_repository_mongo.go:130.16,132.3 1 0
Qingyu_backend/repository/mongodb/social/review_repository_mongo.go:134.2,136.16 3 0
Qingyu_backend/repository/mongodb/social/review_repository_mongo.go:136.16,137.34 1 0
Qingyu_backend/repository/mongodb/social/review_repository_mongo.go:137.34,139.4 1 0
Qingyu_backend/repository/mongodb/social/review_repository_mongo.go:140.3,140.58 1 0
Qingyu_backend/repository/mongodb/social/review_repository_mongo.go:143.2,143.21 1 0
Qingyu_backend/repository/mongodb/social/review_repository_mongo.go:147.135,152.2 3 0
Qingyu_backend/repository/mongodb/social/review_repository_mongo.go:155.135,160.2 3 0
Qingyu_backend/repository/mongodb/social/review_repository_mongo.go:163.120,168.2 3 0
Qingyu_backend/repository/mongodb/social/review_repository_mongo.go:171.149,179.2 3 0
Qingyu_backend/repository/mongodb/social/review_repository_mongo.go:182.122,184.16 2 0
Qingyu_backend/repository/mongodb/social/review_repository_mongo.go:184.16,186.3 1 0
Qingyu_backend/repository/mongodb/social/review_repository_mongo.go:188.2,196.16 3 0
Qingyu_backend/repository/mongodb/social/review_repository_mongo.go:196.16,198.3 1 0
Qingyu_backend/repository/mongodb/social/review_repository_mongo.go:200.2,200.30 1 0
Qingyu_backend/repository/mongodb/social/review_repository_mongo.go:200.30,202.3 1 0
Qingyu_backend/repository/mongodb/social/review_repository_mongo.go:204.2,204.12 1 0
Qingyu_backend/repository/mongodb/social/review_repository_mongo.go:208.90,210.16 2 0
Qingyu_backend/repository/mongodb/social/review_repository_mongo.go:210.16,212.3 1 0
Qingyu_backend/repository/mongodb/social/review_repository_mongo.go:214.2,215.16 2 0
Qingyu_backend/repository/mongodb/social/review_repository_mongo.go:215.16,217.3 1 0
Qingyu_backend/repository/mongodb/social/review_repository_mongo.go:219.2,219.30 1 0
Qingyu_backend/repository/mongodb/social/review_repository_mongo.go:219.30,221.3 1 0
Qingyu_backend/repository/mongodb/social/review_repository_mongo.go:223.2,223.12 1 0
Qingyu_backend/repository/mongodb/social/review_repository_mongo.go:229.108,230.28 1 0
Qingyu_backend/repository/mongodb/social/review_repository_mongo.go:230.28,232.3 1 0
Qingyu_backend/repository/mongodb/social/review_repository_mongo.go:234.2,234.35 1 0
Qingyu_backend/repository/mongodb/social/review_repository_mongo.go:234.35,236.3 1 0
Qingyu_backend/repository/mongodb/social/review_repository_mongo.go:238.2,239.16 2 0
Qingyu_backend/repository/mongodb/social/review_repository_mongo.go:239.16,241.3 1 0
Qingyu_backend/repository/mongodb/social/review_repository_mongo.go:243.2,243.12 1 0
Qingyu_backend/repository/mongodb/social/review_repository_mongo.go:247.102,252.16 2 0
Qingyu_backend/repository/mongodb/social/review_repository_mongo.go:252.16,254.3 1 0
Qingyu_backend/repository/mongodb/social/review_repository_mongo.go:256.2,256.12 1 0
Qingyu_backend/repository/mongodb/social/review_repository_mongo.go:260.121,266.16 3 0
Qingyu_backend/repository/mongodb/social/review_repository_mongo.go:266.16,267.34 1 0
Qingyu_backend/repository/mongodb/social/review_repository_mongo.go:267.34,269.4 1 0
Qingyu_backend/repository/mongodb/social/review_repository_mongo.go:270.3,270.63 1 0
Qingyu_backend/repository/mongodb/social/review_repository_mongo.go:273.2,273.25 1 0
Qingyu_backend/repository/mongodb/social/review_repository_mongo.go:277.107,282.16 2 0
Qingyu_backend/repository/mongodb/social/review_repository_mongo.go:282.16,284.3 1 0
Qingyu_backend/repository/mongodb/social/review_repository_mongo.go:286.2,286.23 1 0
Qingyu_backend/repository/mongodb/social/review_repository_mongo.go:290.139,295.16 3 0
Qingyu_backend/repository/mongodb/social/review_repository_mongo.go:295.16,297.3 1 0
Qingyu_backend/repository/mongodb/social/review_repository_mongo.go:300.2,309.16 4 0
Qingyu_backend/repository/mongodb/social/review_repository_mongo.go:309.16,311.3 1 0
Qingyu_backend/repository/mongodb/social/review_repository_mongo.go:312.2,315.48 3 0
Qingyu_backend/repository/mongodb/social/review_repository_mongo.go:315.48,317.3 1 0
Qingyu_backend/repository/mongodb/social/review_repository_mongo.go:319.2,319.26 1 0
Qingyu_backend/repository/mongodb/social/review_repository_mongo.go:323.102,325.16 2 0
Qingyu_backend/repository/mongodb/social/review_repository_mongo.go:325.16,327.3 1 0
Qingyu_backend/repository/mongodb/social/review_repository_mongo.go:329.2,338.16 2 0
Qingyu_backend/repository/mongodb/social/review_repository_mongo.go:338.16,340.3 1 0
Qingyu_backend/repository/mongodb/social/review_repository_mongo.go:342.2,342.12 1 0
Qingyu_backend/repository/mongodb/social/review_repository_mongo.go:346.102,348.16 2 0
Qingyu_backend/repository/mongodb/social/review_repository_mongo.go:348.16,350.3 1 0
Qingyu_backend/repository/mongodb/social/review_repository_mongo.go:352.2,361.16 2 0
Qingyu_backend/repository/mongodb/social/review_repository_mongo.go:361.16,363.3 1 0
Qingyu_backend/repository/mongodb/social/review_repository_mongo.go:365.2,365.12 1 0
Qingyu_backend/repository/mongodb/social/review_repository_mongo.go:371.103,384.16 3 0
Qingyu_backend/repository/mongodb/social/review_repository_mongo.go:384.16,386.3 1 0
Qingyu_backend/repository/mongodb/social/review_repository_mongo.go:387.2,390.50 3 0
Qingyu_backend/repository/mongodb/social/review_repository_mongo.go:390.50,392.3 1 0
Qingyu_backend/repository/mongodb/social/review_repository_mongo.go:394.2,394.23 1 0
Qingyu_backend/repository/mongodb/social/review_repository_mongo.go:394.23,396.3 1 0
Qingyu_backend/repository/mongodb/social/review_repository_mongo.go:398.2,399.9 2 0
Qingyu_backend/repository/mongodb/social/review_repository_mongo.go:399.9,401.3 1 0
Qingyu_backend/repository/mongodb/social/review_repository_mongo.go:403.2,403.17 1 0
Qingyu_backend/repository/mongodb/social/review_repository_mongo.go:407.114,419.16 3 0
Qingyu_backend/repository/mongodb/social/review_repository_mongo.go:419.16,421.3 1 0
Qingyu_backend/repository/mongodb/social/review_repository_mongo.go:422.2,425.50 3 0
Qingyu_backend/repository/mongodb/social/review_repository_mongo.go:425.50,427.3 1 0
Qingyu_backend/repository/mongodb/social/review_repository_mongo.go:429.2,430.33 2 0
Qingyu_backend/repository/mongodb/social/review_repository_mongo.go:430.33,432.10 2 0
Qingyu_backend/repository/mongodb/social/review_repository_mongo.go:432.10,433.12 1 0
Qingyu_backend/repository/mongodb/social/review_repository_mongo.go:435.3,436.10 2 0
Qingyu_backend/repository/mongodb/social/review_repository_mongo.go:436.10,437.12 1 0
Qingyu_backend/repository/mongodb/social/review_repository_mongo.go:439.3,439.43 1 0
Qingyu_backend/repository/mongodb/social/review_repository_mongo.go:443.2,443.26 1 0
Qingyu_backend/repository/mongodb/social/review_repository_mongo.go:443.26,444.44 1 0
Qingyu_backend/repository/mongodb/social/review_repository_mongo.go:444.44,446.4 1 0
Qingyu_backend/repository/mongodb/social/review_repository_mongo.go:449.2,449.26 1 0
Qingyu_backend/repository/mongodb/social/review_repository_mongo.go:453.97,455.16 2 0
Qingyu_backend/repository/mongodb/social/review_repository_mongo.go:455.16,457.3 1 0
Qingyu_backend/repository/mongodb/social/review_repository_mongo.go:459.2,459.19 1 0
Qingyu_backend/repository/mongodb/social/review_repository_mongo.go:463.101,465.16 2 0
Qingyu_backend/repository/mongodb/social/review_repository_mongo.go:465.16,467.3 1 0
Qingyu_backend/repository/mongodb/social/review_repository_mongo.go:469.2,469.19 1 0
Qingyu_backend/repository/mongodb/social/review_repository_mongo.go:473.67,475.2 1 0
Qingyu_backend/repository/mongodb/social/review_repository_mongo.go:478.143,481.16 2 0
Qingyu_backend/repository/mongodb/social/review_repository_mongo.go:481.16,483.3 1 0
Qingyu_backend/repository/mongodb/social/review_repository_mongo.go:486.2,495.16 4 0
Qingyu_backend/repository/mongodb/social/review_repository_mongo.go:495.16,497.3 1 0
Qingyu_backend/repository/mongodb/social/review_repository_mongo.go:498.2,501.50 3 0
Qingyu_backend/repository/mongodb/social/review_repository_mongo.go:501.50,503.3 1 0
Qingyu_backend/repository/mongodb/social/review_repository_mongo.go:505.2,505.28 1 0
Qingyu_backend/repository/mongodb/social/user_relation_repository_impl.go:22.91,26.2 1 0
Qingyu_backend/repository/mongodb/social/user_relation_repository_impl.go:29.104,30.26 1 0
Qingyu_backend/repository/mongodb/social/user_relation_repository_impl.go:30.26,32.3 1 0
Qingyu_backend/repository/mongodb/social/user_relation_repository_impl.go:33.2,38.12 5 0
Qingyu_backend/repository/mongodb/social/user_relation_repository_impl.go:42.109,44.16 2 0
Qingyu_backend/repository/mongodb/social/user_relation_repository_impl.go:44.16,46.3 1 0
Qingyu_backend/repository/mongodb/social/user_relation_repository_impl.go:48.2,50.16 3 0
Qingyu_backend/repository/mongodb/social/user_relation_repository_impl.go:50.16,52.3 1 0
Qingyu_backend/repository/mongodb/social/user_relation_repository_impl.go:53.2,53.23 1 0
Qingyu_backend/repository/mongodb/social/user_relation_repository_impl.go:57.116,59.16 2 0
Qingyu_backend/repository/mongodb/social/user_relation_repository_impl.go:59.16,61.3 1 0
Qingyu_backend/repository/mongodb/social/user_relation_repository_impl.go:63.2,65.12 3 0
Qingyu_backend/repository/mongodb/social/user_relation_repository_impl.go:69.84,71.16 2 0
Qingyu_backend/repository/mongodb/social/user_relation_repository_impl.go:71.16,73.3 1 0
Qingyu_backend/repository/mongodb/social/user_relation_repository_impl.go:75.2,76.12 2 0
Qingyu_backend/repository/mongodb/social/user_relation_repository_impl.go:80.133,86.16 3 0
Qingyu_backend/repository/mongodb/social/user_relation_repository_impl.go:86.16,88.3 1 0
Qingyu_backend/repository/mongodb/social/user_relation_repository_impl.go:89.2,89.23 1 0
Qingyu_backend/repository/mongodb/social/user_relation_repository_impl.go:93.117,100.2 2 0
Qingyu_backend/repository/mongodb/social/user_relation_repository_impl.go:103.150,109.16 2 0
Qingyu_backend/repository/mongodb/social/user_relation_repository_impl.go:109.16,111.3 1 0
Qingyu_backend/repository/mongodb/social/user_relation_repository_impl.go:114.2,123.16 3 0
Qingyu_backend/repository/mongodb/social/user_relation_repository_impl.go:123.16,125.3 1 0
Qingyu_backend/repository/mongodb/social/user_relation_repository_impl.go:127.2,128.51 2 0
Qingyu_backend/repository/mongodb/social/user_relation_repository_impl.go:128.51,130.3 1 0
Qingyu_backend/repository/mongodb/social/user_relation_repository_impl.go:132.2,132.30 1 0
Qingyu_backend/repository/mongodb/social/user_relation_repository_impl.go:136.150,142.16 2 0
Qingyu_backend/repository/mongodb/social/user_relation_repository_impl.go:142.16,144.3 1 0
Qingyu_backend/repository/mongodb/social/user_relation_repository_impl.go:147.2,156.16 3 0
Qingyu_backend/repository/mongodb/social/user_relation_repository_impl.go:156.16,158.3 1 0
Qingyu_backend/repository/mongodb/social/user_relation_repository_impl.go:160.2,161.51 2 0
Qingyu_backend/repository/mongodb/social/user_relation_repository_impl.go:161.51,163.3 1 0
Qingyu_backend/repository/mongodb/social/user_relation_repository_impl.go:165.2,165.30 1 0
Qingyu_backend/repository/mongodb/social/user_relation_repository_impl.go:169.105,174.2 1 0
Qingyu_backend/repository/mongodb/social/user_relation_repository_impl.go:177.105,182.2 1 0
Qingyu_backend/repository/mongodb/social/user_relation_repository_impl.go:185.112,186.25 1 0
Qingyu_backend/repository/mongodb/social/user_relation_repository_impl.go:186.25,188.3 1 0
Qingyu_backend/repository/mongodb/social/user_relation_repository_impl.go:190.2,192.37 3 0
Qingyu_backend/repository/mongodb/social/user_relation_repository_impl.go:192.37,193.27 1 0
Qingyu_backend/repository/mongodb/social/user_relation_repository_impl.go:193.27,195.4 1 0
Qingyu_backend/repository/mongodb/social/user_relation_repository_impl.go:196.3,198.26 3 0
Qingyu_backend/repository/mongodb/social/user_relation_repository_impl.go:201.2,202.12 2 0
