mode: atomic
Qingyu_backend/repository/cache/cached_repository.go:55.24,56.19 1 13
Qingyu_backend/repository/cache/cached_repository.go:56.19,63.3 1 1
Qingyu_backend/repository/cache/cached_repository.go:66.2,66.47 1 13
Qingyu_backend/repository/cache/cached_repository.go:66.47,68.52 1 13
Qingyu_backend/repository/cache/cached_repository.go:68.52,71.5 2 5
Qingyu_backend/repository/cache/cached_repository.go:75.2,85.3 2 13
Qingyu_backend/repository/cache/cached_repository.go:89.82,90.16 1 14
Qingyu_backend/repository/cache/cached_repository.go:90.16,92.3 1 1
Qingyu_backend/repository/cache/cached_repository.go:94.2,95.58 2 13
Qingyu_backend/repository/cache/cached_repository.go:95.58,99.3 3 13
Qingyu_backend/repository/cache/cached_repository.go:101.2,101.16 1 13
Qingyu_backend/repository/cache/cached_repository.go:101.16,104.3 1 5
Qingyu_backend/repository/cache/cached_repository.go:106.2,106.20 1 8
Qingyu_backend/repository/cache/cached_repository.go:110.91,114.16 3 13
Qingyu_backend/repository/cache/cached_repository.go:114.16,116.41 1 2
Qingyu_backend/repository/cache/cached_repository.go:116.41,119.4 2 1
Qingyu_backend/repository/cache/cached_repository.go:121.3,122.65 2 1
Qingyu_backend/repository/cache/cached_repository.go:122.65,124.4 1 1
Qingyu_backend/repository/cache/cached_repository.go:128.2,128.36 1 11
Qingyu_backend/repository/cache/cached_repository.go:128.36,130.3 1 0
Qingyu_backend/repository/cache/cached_repository.go:133.2,134.16 2 11
Qingyu_backend/repository/cache/cached_repository.go:134.16,135.25 1 4
Qingyu_backend/repository/cache/cached_repository.go:135.25,137.14 1 4
Qingyu_backend/repository/cache/cached_repository.go:137.14,140.5 2 4
Qingyu_backend/repository/cache/cached_repository.go:142.3,143.19 2 4
Qingyu_backend/repository/cache/cached_repository.go:147.2,147.12 1 7
Qingyu_backend/repository/cache/cached_repository.go:147.12,150.3 2 7
Qingyu_backend/repository/cache/cached_repository.go:152.2,152.20 1 7
Qingyu_backend/repository/cache/cached_repository.go:156.58,158.2 1 19
Qingyu_backend/repository/cache/cached_repository.go:161.75,162.51 1 1
Qingyu_backend/repository/cache/cached_repository.go:162.51,164.3 1 0
Qingyu_backend/repository/cache/cached_repository.go:167.2,167.12 1 1
Qingyu_backend/repository/cache/cached_repository.go:171.75,172.51 1 2
Qingyu_backend/repository/cache/cached_repository.go:172.51,174.3 1 1
Qingyu_backend/repository/cache/cached_repository.go:176.2,180.12 3 1
Qingyu_backend/repository/cache/cached_repository.go:180.12,183.3 2 1
Qingyu_backend/repository/cache/cached_repository.go:185.2,185.12 1 1
Qingyu_backend/repository/cache/cached_repository.go:189.76,190.47 1 2
Qingyu_backend/repository/cache/cached_repository.go:190.47,192.3 1 1
Qingyu_backend/repository/cache/cached_repository.go:194.2,198.12 3 1
Qingyu_backend/repository/cache/cached_repository.go:198.12,201.3 2 1
Qingyu_backend/repository/cache/cached_repository.go:203.2,203.12 1 1
Qingyu_backend/repository/cache/cached_repository.go:207.84,209.16 2 2
Qingyu_backend/repository/cache/cached_repository.go:209.16,210.25 1 1
Qingyu_backend/repository/cache/cached_repository.go:210.25,212.4 1 1
Qingyu_backend/repository/cache/cached_repository.go:213.3,213.20 1 0
Qingyu_backend/repository/cache/cached_repository.go:215.2,215.18 1 1
