mode: set
E:\Github\Qingyu\Qingyu_backend\service\admin\analytics_service.go:174.45,176.2 1 1
E:\Github\Qingyu\Qingyu_backend\service\admin\analytics_service.go:179.135,181.38 1 1
E:\Github\Qingyu\Qingyu_backend\service\admin\analytics_service.go:181.38,183.3 1 1
E:\Github\Qingyu\Qingyu_backend\service\admin\analytics_service.go:188.2,193.72 4 1
E:\Github\Qingyu\Qingyu_backend\service\admin\analytics_service.go:193.72,202.23 4 1
E:\Github\Qingyu\Qingyu_backend\service\admin\analytics_service.go:203.16,204.46 1 1
E:\Github\Qingyu\Qingyu_backend\service\admin\analytics_service.go:205.17,206.46 1 1
E:\Github\Qingyu\Qingyu_backend\service\admin\analytics_service.go:207.18,208.46 1 1
E:\Github\Qingyu\Qingyu_backend\service\admin\analytics_service.go:212.2,219.8 1 1
E:\Github\Qingyu\Qingyu_backend\service\admin\analytics_service.go:223.141,244.2 1 1
E:\Github\Qingyu\Qingyu_backend\service\admin\analytics_service.go:247.129,249.38 1 1
E:\Github\Qingyu\Qingyu_backend\service\admin\analytics_service.go:249.38,251.3 1 1
E:\Github\Qingyu\Qingyu_backend\service\admin\analytics_service.go:256.2,262.72 5 1
E:\Github\Qingyu\Qingyu_backend\service\admin\analytics_service.go:262.72,274.23 6 1
E:\Github\Qingyu\Qingyu_backend\service\admin\analytics_service.go:275.16,276.46 1 1
E:\Github\Qingyu\Qingyu_backend\service\admin\analytics_service.go:277.17,278.46 1 1
E:\Github\Qingyu\Qingyu_backend\service\admin\analytics_service.go:279.18,280.46 1 0
E:\Github\Qingyu\Qingyu_backend\service\admin\analytics_service.go:284.2,291.8 1 1
E:\Github\Qingyu\Qingyu_backend\service\admin\analytics_service.go:295.141,297.38 1 1
E:\Github\Qingyu\Qingyu_backend\service\admin\analytics_service.go:297.38,299.3 1 1
E:\Github\Qingyu\Qingyu_backend\service\admin\analytics_service.go:304.2,311.72 6 1
E:\Github\Qingyu\Qingyu_backend\service\admin\analytics_service.go:311.72,319.25 4 1
E:\Github\Qingyu\Qingyu_backend\service\admin\analytics_service.go:319.25,322.4 2 1
E:\Github\Qingyu\Qingyu_backend\service\admin\analytics_service.go:324.3,324.45 1 1
E:\Github\Qingyu\Qingyu_backend\service\admin\analytics_service.go:327.2,337.8 2 1
E:\Github\Qingyu\Qingyu_backend\service\admin\analytics_service.go:341.104,365.2 1 1
