mode: count
Qingyu_backend/repository/mongodb/notification/notification_repository_impl.go:24.80,29.2 1 27
Qingyu_backend/repository/mongodb/notification/notification_repository_impl.go:32.106,34.16 2 60
Qingyu_backend/repository/mongodb/notification/notification_repository_impl.go:34.16,38.3 2 60
Qingyu_backend/repository/mongodb/notification/notification_repository_impl.go:40.2,55.16 3 60
Qingyu_backend/repository/mongodb/notification/notification_repository_impl.go:55.16,57.3 1 0
Qingyu_backend/repository/mongodb/notification/notification_repository_impl.go:59.2,59.12 1 60
Qingyu_backend/repository/mongodb/notification/notification_repository_impl.go:63.114,65.16 2 17
Qingyu_backend/repository/mongodb/notification/notification_repository_impl.go:65.16,67.3 1 1
Qingyu_backend/repository/mongodb/notification/notification_repository_impl.go:69.2,71.16 3 16
Qingyu_backend/repository/mongodb/notification/notification_repository_impl.go:71.16,72.34 1 7
Qingyu_backend/repository/mongodb/notification/notification_repository_impl.go:72.34,74.4 1 7
Qingyu_backend/repository/mongodb/notification/notification_repository_impl.go:75.3,75.56 1 0
Qingyu_backend/repository/mongodb/notification/notification_repository_impl.go:78.2,78.20 1 9
Qingyu_backend/repository/mongodb/notification/notification_repository_impl.go:82.115,84.16 2 2
Qingyu_backend/repository/mongodb/notification/notification_repository_impl.go:84.16,86.3 1 0
Qingyu_backend/repository/mongodb/notification/notification_repository_impl.go:89.2,89.52 1 2
Qingyu_backend/repository/mongodb/notification/notification_repository_impl.go:89.52,91.3 1 1
Qingyu_backend/repository/mongodb/notification/notification_repository_impl.go:93.2,96.16 3 2
Qingyu_backend/repository/mongodb/notification/notification_repository_impl.go:96.16,98.3 1 0
Qingyu_backend/repository/mongodb/notification/notification_repository_impl.go:100.2,100.30 1 2
Qingyu_backend/repository/mongodb/notification/notification_repository_impl.go:100.30,102.3 1 1
Qingyu_backend/repository/mongodb/notification/notification_repository_impl.go:104.2,104.12 1 1
Qingyu_backend/repository/mongodb/notification/notification_repository_impl.go:108.83,110.16 2 2
Qingyu_backend/repository/mongodb/notification/notification_repository_impl.go:110.16,112.3 1 0
Qingyu_backend/repository/mongodb/notification/notification_repository_impl.go:114.2,115.16 2 2
Qingyu_backend/repository/mongodb/notification/notification_repository_impl.go:115.16,117.3 1 0
Qingyu_backend/repository/mongodb/notification/notification_repository_impl.go:119.2,119.30 1 2
Qingyu_backend/repository/mongodb/notification/notification_repository_impl.go:119.30,121.3 1 1
Qingyu_backend/repository/mongodb/notification/notification_repository_impl.go:123.2,123.12 1 1
Qingyu_backend/repository/mongodb/notification/notification_repository_impl.go:127.91,129.16 2 2
Qingyu_backend/repository/mongodb/notification/notification_repository_impl.go:129.16,131.3 1 0
Qingyu_backend/repository/mongodb/notification/notification_repository_impl.go:133.2,134.16 2 2
Qingyu_backend/repository/mongodb/notification/notification_repository_impl.go:134.16,136.3 1 0
Qingyu_backend/repository/mongodb/notification/notification_repository_impl.go:138.2,138.23 1 2
Qingyu_backend/repository/mongodb/notification/notification_repository_impl.go:142.143,147.32 3 6
Qingyu_backend/repository/mongodb/notification/notification_repository_impl.go:147.32,149.3 1 1
Qingyu_backend/repository/mongodb/notification/notification_repository_impl.go:151.2,152.25 2 6
Qingyu_backend/repository/mongodb/notification/notification_repository_impl.go:152.25,154.3 1 1
Qingyu_backend/repository/mongodb/notification/notification_repository_impl.go:156.2,162.16 6 6
Qingyu_backend/repository/mongodb/notification/notification_repository_impl.go:162.16,164.3 1 0
Qingyu_backend/repository/mongodb/notification/notification_repository_impl.go:165.2,168.55 3 6
Qingyu_backend/repository/mongodb/notification/notification_repository_impl.go:168.55,170.3 1 0
Qingyu_backend/repository/mongodb/notification/notification_repository_impl.go:172.2,172.27 1 6
Qingyu_backend/repository/mongodb/notification/notification_repository_impl.go:176.121,180.16 3 1
Qingyu_backend/repository/mongodb/notification/notification_repository_impl.go:180.16,182.3 1 0
Qingyu_backend/repository/mongodb/notification/notification_repository_impl.go:184.2,184.19 1 1
Qingyu_backend/repository/mongodb/notification/notification_repository_impl.go:188.95,190.25 2 2
Qingyu_backend/repository/mongodb/notification/notification_repository_impl.go:190.25,192.17 2 5
Qingyu_backend/repository/mongodb/notification/notification_repository_impl.go:192.17,193.12 1 1
Qingyu_backend/repository/mongodb/notification/notification_repository_impl.go:195.3,195.42 1 4
Qingyu_backend/repository/mongodb/notification/notification_repository_impl.go:198.2,198.25 1 2
Qingyu_backend/repository/mongodb/notification/notification_repository_impl.go:198.25,200.3 1 0
Qingyu_backend/repository/mongodb/notification/notification_repository_impl.go:202.2,209.16 4 2
Qingyu_backend/repository/mongodb/notification/notification_repository_impl.go:209.16,211.3 1 0
Qingyu_backend/repository/mongodb/notification/notification_repository_impl.go:213.2,213.12 1 2
Qingyu_backend/repository/mongodb/notification/notification_repository_impl.go:217.101,225.16 4 1
Qingyu_backend/repository/mongodb/notification/notification_repository_impl.go:225.16,227.3 1 0
Qingyu_backend/repository/mongodb/notification/notification_repository_impl.go:229.2,229.12 1 1
Qingyu_backend/repository/mongodb/notification/notification_repository_impl.go:233.91,235.25 2 1
Qingyu_backend/repository/mongodb/notification/notification_repository_impl.go:235.25,237.17 2 3
Qingyu_backend/repository/mongodb/notification/notification_repository_impl.go:237.17,238.12 1 0
Qingyu_backend/repository/mongodb/notification/notification_repository_impl.go:240.3,240.42 1 3
Qingyu_backend/repository/mongodb/notification/notification_repository_impl.go:243.2,243.25 1 1
Qingyu_backend/repository/mongodb/notification/notification_repository_impl.go:243.25,245.3 1 0
Qingyu_backend/repository/mongodb/notification/notification_repository_impl.go:247.2,248.16 2 1
Qingyu_backend/repository/mongodb/notification/notification_repository_impl.go:248.16,250.3 1 0
Qingyu_backend/repository/mongodb/notification/notification_repository_impl.go:252.2,252.12 1 1
Qingyu_backend/repository/mongodb/notification/notification_repository_impl.go:256.97,258.16 2 1
Qingyu_backend/repository/mongodb/notification/notification_repository_impl.go:258.16,260.3 1 0
Qingyu_backend/repository/mongodb/notification/notification_repository_impl.go:262.2,262.12 1 1
Qingyu_backend/repository/mongodb/notification/notification_repository_impl.go:266.101,271.16 2 2
Qingyu_backend/repository/mongodb/notification/notification_repository_impl.go:271.16,273.3 1 0
Qingyu_backend/repository/mongodb/notification/notification_repository_impl.go:275.2,275.19 1 2
Qingyu_backend/repository/mongodb/notification/notification_repository_impl.go:279.124,282.16 2 1
Qingyu_backend/repository/mongodb/notification/notification_repository_impl.go:282.16,284.3 1 0
Qingyu_backend/repository/mongodb/notification/notification_repository_impl.go:287.2,288.16 2 1
Qingyu_backend/repository/mongodb/notification/notification_repository_impl.go:288.16,290.3 1 0
Qingyu_backend/repository/mongodb/notification/notification_repository_impl.go:293.2,302.16 3 1
Qingyu_backend/repository/mongodb/notification/notification_repository_impl.go:302.16,304.3 1 0
Qingyu_backend/repository/mongodb/notification/notification_repository_impl.go:305.2,308.23 3 1
Qingyu_backend/repository/mongodb/notification/notification_repository_impl.go:308.23,313.48 2 3
Qingyu_backend/repository/mongodb/notification/notification_repository_impl.go:313.48,314.12 1 0
Qingyu_backend/repository/mongodb/notification/notification_repository_impl.go:316.3,316.39 1 3
Qingyu_backend/repository/mongodb/notification/notification_repository_impl.go:320.2,329.16 3 1
Qingyu_backend/repository/mongodb/notification/notification_repository_impl.go:329.16,331.3 1 0
Qingyu_backend/repository/mongodb/notification/notification_repository_impl.go:332.2,335.24 3 1
Qingyu_backend/repository/mongodb/notification/notification_repository_impl.go:335.24,340.49 2 1
Qingyu_backend/repository/mongodb/notification/notification_repository_impl.go:340.49,341.12 1 0
Qingyu_backend/repository/mongodb/notification/notification_repository_impl.go:343.3,343.43 1 1
Qingyu_backend/repository/mongodb/notification/notification_repository_impl.go:346.2,351.8 1 1
Qingyu_backend/repository/mongodb/notification/notification_repository_impl.go:355.176,365.16 4 1
Qingyu_backend/repository/mongodb/notification/notification_repository_impl.go:365.16,367.3 1 0
Qingyu_backend/repository/mongodb/notification/notification_repository_impl.go:368.2,371.55 3 1
Qingyu_backend/repository/mongodb/notification/notification_repository_impl.go:371.55,373.3 1 0
Qingyu_backend/repository/mongodb/notification/notification_repository_impl.go:375.2,375.27 1 1
Qingyu_backend/repository/mongodb/notification/notification_repository_impl.go:379.88,384.16 3 1
Qingyu_backend/repository/mongodb/notification/notification_repository_impl.go:384.16,386.3 1 0
Qingyu_backend/repository/mongodb/notification/notification_repository_impl.go:388.2,388.33 1 1
Qingyu_backend/repository/mongodb/notification/notification_repository_impl.go:392.119,396.16 2 1
Qingyu_backend/repository/mongodb/notification/notification_repository_impl.go:396.16,398.3 1 0
Qingyu_backend/repository/mongodb/notification/notification_repository_impl.go:400.2,400.33 1 1
Qingyu_backend/repository/mongodb/notification/notification_repository_impl.go:404.98,407.26 2 7
Qingyu_backend/repository/mongodb/notification/notification_repository_impl.go:407.26,409.3 1 7
Qingyu_backend/repository/mongodb/notification/notification_repository_impl.go:411.2,411.24 1 7
Qingyu_backend/repository/mongodb/notification/notification_repository_impl.go:411.24,413.3 1 0
Qingyu_backend/repository/mongodb/notification/notification_repository_impl.go:415.2,415.24 1 7
Qingyu_backend/repository/mongodb/notification/notification_repository_impl.go:415.24,417.3 1 1
Qingyu_backend/repository/mongodb/notification/notification_repository_impl.go:419.2,419.28 1 7
Qingyu_backend/repository/mongodb/notification/notification_repository_impl.go:419.28,421.3 1 0
Qingyu_backend/repository/mongodb/notification/notification_repository_impl.go:423.2,423.29 1 7
Qingyu_backend/repository/mongodb/notification/notification_repository_impl.go:423.29,425.3 1 1
Qingyu_backend/repository/mongodb/notification/notification_repository_impl.go:427.2,427.27 1 7
Qingyu_backend/repository/mongodb/notification/notification_repository_impl.go:427.27,428.53 1 1
Qingyu_backend/repository/mongodb/notification/notification_repository_impl.go:428.53,430.4 1 1
Qingyu_backend/repository/mongodb/notification/notification_repository_impl.go:430.9,432.4 1 0
Qingyu_backend/repository/mongodb/notification/notification_repository_impl.go:435.2,435.27 1 7
Qingyu_backend/repository/mongodb/notification/notification_repository_impl.go:435.27,440.3 1 1
Qingyu_backend/repository/mongodb/notification/notification_repository_impl.go:442.2,442.20 1 7
Qingyu_backend/repository/mongodb/notification/notification_repository_impl.go:446.107,453.16 3 1
Qingyu_backend/repository/mongodb/notification/notification_repository_impl.go:453.16,455.3 1 0
Qingyu_backend/repository/mongodb/notification/notification_repository_impl.go:457.2,457.33 1 1
Qingyu_backend/repository/mongodb/notification/preference_repository_impl.go:22.100,27.2 1 22
Qingyu_backend/repository/mongodb/notification/preference_repository_impl.go:30.131,32.16 2 16
Qingyu_backend/repository/mongodb/notification/preference_repository_impl.go:32.16,36.3 2 15
Qingyu_backend/repository/mongodb/notification/preference_repository_impl.go:38.2,58.16 3 16
Qingyu_backend/repository/mongodb/notification/preference_repository_impl.go:58.16,60.3 1 0
Qingyu_backend/repository/mongodb/notification/preference_repository_impl.go:62.2,62.12 1 16
Qingyu_backend/repository/mongodb/notification/preference_repository_impl.go:66.134,68.16 2 10
Qingyu_backend/repository/mongodb/notification/preference_repository_impl.go:68.16,70.3 1 1
Qingyu_backend/repository/mongodb/notification/preference_repository_impl.go:72.2,74.16 3 9
Qingyu_backend/repository/mongodb/notification/preference_repository_impl.go:74.16,75.34 1 2
Qingyu_backend/repository/mongodb/notification/preference_repository_impl.go:75.34,77.4 1 2
Qingyu_backend/repository/mongodb/notification/preference_repository_impl.go:78.3,78.68 1 0
Qingyu_backend/repository/mongodb/notification/preference_repository_impl.go:81.2,81.25 1 7
Qingyu_backend/repository/mongodb/notification/preference_repository_impl.go:85.142,88.16 3 5
Qingyu_backend/repository/mongodb/notification/preference_repository_impl.go:88.16,89.34 1 1
Qingyu_backend/repository/mongodb/notification/preference_repository_impl.go:89.34,91.4 1 1
Qingyu_backend/repository/mongodb/notification/preference_repository_impl.go:92.3,92.68 1 0
Qingyu_backend/repository/mongodb/notification/preference_repository_impl.go:95.2,95.25 1 4
Qingyu_backend/repository/mongodb/notification/preference_repository_impl.go:99.125,101.16 2 3
Qingyu_backend/repository/mongodb/notification/preference_repository_impl.go:101.16,103.3 1 0
Qingyu_backend/repository/mongodb/notification/preference_repository_impl.go:105.2,106.16 2 3
Qingyu_backend/repository/mongodb/notification/preference_repository_impl.go:106.16,108.3 1 0
Qingyu_backend/repository/mongodb/notification/preference_repository_impl.go:110.2,110.30 1 3
Qingyu_backend/repository/mongodb/notification/preference_repository_impl.go:110.30,112.3 1 1
Qingyu_backend/repository/mongodb/notification/preference_repository_impl.go:114.2,114.12 1 2
Qingyu_backend/repository/mongodb/notification/preference_repository_impl.go:118.93,120.16 2 2
Qingyu_backend/repository/mongodb/notification/preference_repository_impl.go:120.16,122.3 1 0
Qingyu_backend/repository/mongodb/notification/preference_repository_impl.go:124.2,125.16 2 2
Qingyu_backend/repository/mongodb/notification/preference_repository_impl.go:125.16,127.3 1 0
Qingyu_backend/repository/mongodb/notification/preference_repository_impl.go:129.2,129.30 1 2
Qingyu_backend/repository/mongodb/notification/preference_repository_impl.go:129.30,131.3 1 1
Qingyu_backend/repository/mongodb/notification/preference_repository_impl.go:133.2,133.12 1 1
Qingyu_backend/repository/mongodb/notification/preference_repository_impl.go:137.105,139.16 2 2
Qingyu_backend/repository/mongodb/notification/preference_repository_impl.go:139.16,141.3 1 0
Qingyu_backend/repository/mongodb/notification/preference_repository_impl.go:143.2,143.23 1 2
Qingyu_backend/repository/mongodb/notification/preference_repository_impl.go:147.133,149.25 2 4
Qingyu_backend/repository/mongodb/notification/preference_repository_impl.go:149.25,151.17 2 7
Qingyu_backend/repository/mongodb/notification/preference_repository_impl.go:151.17,152.12 1 3
Qingyu_backend/repository/mongodb/notification/preference_repository_impl.go:154.3,154.42 1 4
Qingyu_backend/repository/mongodb/notification/preference_repository_impl.go:157.2,157.25 1 4
Qingyu_backend/repository/mongodb/notification/preference_repository_impl.go:157.25,159.3 1 2
Qingyu_backend/repository/mongodb/notification/preference_repository_impl.go:161.2,162.16 2 2
Qingyu_backend/repository/mongodb/notification/preference_repository_impl.go:162.16,164.3 1 0
Qingyu_backend/repository/mongodb/notification/preference_repository_impl.go:166.2,166.12 1 2
Qingyu_backend/repository/mongodb/notification/push_device_repository_impl.go:24.76,29.2 1 26
Qingyu_backend/repository/mongodb/notification/push_device_repository_impl.go:32.103,34.16 2 26
Qingyu_backend/repository/mongodb/notification/push_device_repository_impl.go:34.16,38.3 2 25
Qingyu_backend/repository/mongodb/notification/push_device_repository_impl.go:40.2,52.16 3 26
Qingyu_backend/repository/mongodb/notification/push_device_repository_impl.go:52.16,54.3 1 0
Qingyu_backend/repository/mongodb/notification/push_device_repository_impl.go:56.2,56.12 1 26
Qingyu_backend/repository/mongodb/notification/push_device_repository_impl.go:60.110,62.16 2 13
Qingyu_backend/repository/mongodb/notification/push_device_repository_impl.go:62.16,64.3 1 1
Qingyu_backend/repository/mongodb/notification/push_device_repository_impl.go:66.2,68.16 3 12
Qingyu_backend/repository/mongodb/notification/push_device_repository_impl.go:68.16,69.34 1 7
Qingyu_backend/repository/mongodb/notification/push_device_repository_impl.go:69.34,71.4 1 7
Qingyu_backend/repository/mongodb/notification/push_device_repository_impl.go:72.3,72.62 1 0
Qingyu_backend/repository/mongodb/notification/push_device_repository_impl.go:75.2,75.21 1 5
Qingyu_backend/repository/mongodb/notification/push_device_repository_impl.go:79.113,81.16 2 3
Qingyu_backend/repository/mongodb/notification/push_device_repository_impl.go:81.16,83.3 1 0
Qingyu_backend/repository/mongodb/notification/push_device_repository_impl.go:85.2,86.16 2 3
Qingyu_backend/repository/mongodb/notification/push_device_repository_impl.go:86.16,88.3 1 0
Qingyu_backend/repository/mongodb/notification/push_device_repository_impl.go:90.2,90.30 1 3
Qingyu_backend/repository/mongodb/notification/push_device_repository_impl.go:90.30,92.3 1 1
Qingyu_backend/repository/mongodb/notification/push_device_repository_impl.go:94.2,94.12 1 2
Qingyu_backend/repository/mongodb/notification/push_device_repository_impl.go:98.81,100.16 2 2
Qingyu_backend/repository/mongodb/notification/push_device_repository_impl.go:100.16,102.3 1 0
Qingyu_backend/repository/mongodb/notification/push_device_repository_impl.go:104.2,105.16 2 2
Qingyu_backend/repository/mongodb/notification/push_device_repository_impl.go:105.16,107.3 1 0
Qingyu_backend/repository/mongodb/notification/push_device_repository_impl.go:109.2,109.30 1 2
Qingyu_backend/repository/mongodb/notification/push_device_repository_impl.go:109.30,111.3 1 1
Qingyu_backend/repository/mongodb/notification/push_device_repository_impl.go:113.2,113.12 1 1
Qingyu_backend/repository/mongodb/notification/push_device_repository_impl.go:117.89,119.16 2 2
Qingyu_backend/repository/mongodb/notification/push_device_repository_impl.go:119.16,121.3 1 0
Qingyu_backend/repository/mongodb/notification/push_device_repository_impl.go:123.2,124.16 2 2
Qingyu_backend/repository/mongodb/notification/push_device_repository_impl.go:124.16,126.3 1 0
Qingyu_backend/repository/mongodb/notification/push_device_repository_impl.go:128.2,128.23 1 2
Qingyu_backend/repository/mongodb/notification/push_device_repository_impl.go:132.120,137.16 4 3
Qingyu_backend/repository/mongodb/notification/push_device_repository_impl.go:137.16,139.3 1 0
Qingyu_backend/repository/mongodb/notification/push_device_repository_impl.go:140.2,143.49 3 3
Qingyu_backend/repository/mongodb/notification/push_device_repository_impl.go:143.49,145.3 1 0
Qingyu_backend/repository/mongodb/notification/push_device_repository_impl.go:147.2,147.21 1 3
Qingyu_backend/repository/mongodb/notification/push_device_repository_impl.go:151.122,154.16 3 2
Qingyu_backend/repository/mongodb/notification/push_device_repository_impl.go:154.16,155.34 1 1
Qingyu_backend/repository/mongodb/notification/push_device_repository_impl.go:155.34,157.4 1 1
Qingyu_backend/repository/mongodb/notification/push_device_repository_impl.go:158.3,158.62 1 0
Qingyu_backend/repository/mongodb/notification/push_device_repository_impl.go:161.2,161.21 1 1
Qingyu_backend/repository/mongodb/notification/push_device_repository_impl.go:165.126,173.16 4 1
Qingyu_backend/repository/mongodb/notification/push_device_repository_impl.go:173.16,175.3 1 0
Qingyu_backend/repository/mongodb/notification/push_device_repository_impl.go:176.2,179.49 3 1
Qingyu_backend/repository/mongodb/notification/push_device_repository_impl.go:179.49,181.3 1 0
Qingyu_backend/repository/mongodb/notification/push_device_repository_impl.go:183.2,183.21 1 1
Qingyu_backend/repository/mongodb/notification/push_device_repository_impl.go:187.89,189.25 2 4
Qingyu_backend/repository/mongodb/notification/push_device_repository_impl.go:189.25,191.17 2 7
Qingyu_backend/repository/mongodb/notification/push_device_repository_impl.go:191.17,192.12 1 3
Qingyu_backend/repository/mongodb/notification/push_device_repository_impl.go:194.3,194.42 1 4
Qingyu_backend/repository/mongodb/notification/push_device_repository_impl.go:197.2,197.25 1 4
Qingyu_backend/repository/mongodb/notification/push_device_repository_impl.go:197.25,199.3 1 2
Qingyu_backend/repository/mongodb/notification/push_device_repository_impl.go:201.2,202.16 2 2
Qingyu_backend/repository/mongodb/notification/push_device_repository_impl.go:202.16,204.3 1 0
Qingyu_backend/repository/mongodb/notification/push_device_repository_impl.go:206.2,206.12 1 2
Qingyu_backend/repository/mongodb/notification/push_device_repository_impl.go:210.99,212.16 2 1
Qingyu_backend/repository/mongodb/notification/push_device_repository_impl.go:212.16,214.3 1 0
Qingyu_backend/repository/mongodb/notification/push_device_repository_impl.go:216.2,216.12 1 1
Qingyu_backend/repository/mongodb/notification/push_device_repository_impl.go:220.89,222.16 2 2
Qingyu_backend/repository/mongodb/notification/push_device_repository_impl.go:222.16,224.3 1 0
Qingyu_backend/repository/mongodb/notification/push_device_repository_impl.go:226.2,228.16 3 2
Qingyu_backend/repository/mongodb/notification/push_device_repository_impl.go:228.16,230.3 1 0
Qingyu_backend/repository/mongodb/notification/push_device_repository_impl.go:232.2,232.30 1 2
Qingyu_backend/repository/mongodb/notification/push_device_repository_impl.go:232.30,234.3 1 1
Qingyu_backend/repository/mongodb/notification/push_device_repository_impl.go:236.2,236.12 1 1
Qingyu_backend/repository/mongodb/notification/push_device_repository_impl.go:240.116,244.16 2 1
Qingyu_backend/repository/mongodb/notification/push_device_repository_impl.go:244.16,246.3 1 0
Qingyu_backend/repository/mongodb/notification/push_device_repository_impl.go:248.2,248.33 1 1
Qingyu_backend/repository/mongodb/notification/template_repository_impl.go:23.96,28.2 1 23
Qingyu_backend/repository/mongodb/notification/template_repository_impl.go:31.125,33.16 2 44
Qingyu_backend/repository/mongodb/notification/template_repository_impl.go:33.16,37.3 2 44
Qingyu_backend/repository/mongodb/notification/template_repository_impl.go:39.2,54.16 3 44
Qingyu_backend/repository/mongodb/notification/template_repository_impl.go:54.16,56.3 1 0
Qingyu_backend/repository/mongodb/notification/template_repository_impl.go:58.2,58.12 1 44
Qingyu_backend/repository/mongodb/notification/template_repository_impl.go:62.130,64.16 2 7
Qingyu_backend/repository/mongodb/notification/template_repository_impl.go:64.16,66.3 1 1
Qingyu_backend/repository/mongodb/notification/template_repository_impl.go:68.2,70.16 3 6
Qingyu_backend/repository/mongodb/notification/template_repository_impl.go:70.16,71.34 1 2
Qingyu_backend/repository/mongodb/notification/template_repository_impl.go:71.34,73.4 1 2
Qingyu_backend/repository/mongodb/notification/template_repository_impl.go:74.3,74.62 1 0
Qingyu_backend/repository/mongodb/notification/template_repository_impl.go:77.2,77.23 1 4
Qingyu_backend/repository/mongodb/notification/template_repository_impl.go:81.123,83.16 2 3
Qingyu_backend/repository/mongodb/notification/template_repository_impl.go:83.16,85.3 1 0
Qingyu_backend/repository/mongodb/notification/template_repository_impl.go:87.2,88.16 2 3
Qingyu_backend/repository/mongodb/notification/template_repository_impl.go:88.16,90.3 1 0
Qingyu_backend/repository/mongodb/notification/template_repository_impl.go:92.2,92.30 1 3
Qingyu_backend/repository/mongodb/notification/template_repository_impl.go:92.30,94.3 1 1
Qingyu_backend/repository/mongodb/notification/template_repository_impl.go:96.2,96.12 1 2
Qingyu_backend/repository/mongodb/notification/template_repository_impl.go:100.91,102.16 2 2
Qingyu_backend/repository/mongodb/notification/template_repository_impl.go:102.16,104.3 1 0
Qingyu_backend/repository/mongodb/notification/template_repository_impl.go:106.2,107.16 2 2
Qingyu_backend/repository/mongodb/notification/template_repository_impl.go:107.16,109.3 1 0
Qingyu_backend/repository/mongodb/notification/template_repository_impl.go:111.2,111.30 1 2
Qingyu_backend/repository/mongodb/notification/template_repository_impl.go:111.30,113.3 1 1
Qingyu_backend/repository/mongodb/notification/template_repository_impl.go:115.2,115.12 1 1
Qingyu_backend/repository/mongodb/notification/template_repository_impl.go:119.99,121.16 2 2
Qingyu_backend/repository/mongodb/notification/template_repository_impl.go:121.16,123.3 1 0
Qingyu_backend/repository/mongodb/notification/template_repository_impl.go:125.2,126.16 2 2
Qingyu_backend/repository/mongodb/notification/template_repository_impl.go:126.16,128.3 1 0
Qingyu_backend/repository/mongodb/notification/template_repository_impl.go:130.2,130.23 1 2
Qingyu_backend/repository/mongodb/notification/template_repository_impl.go:134.147,139.22 3 8
Qingyu_backend/repository/mongodb/notification/template_repository_impl.go:139.22,141.3 1 8
Qingyu_backend/repository/mongodb/notification/template_repository_impl.go:142.2,142.23 1 8
Qingyu_backend/repository/mongodb/notification/template_repository_impl.go:142.23,144.3 1 1
Qingyu_backend/repository/mongodb/notification/template_repository_impl.go:145.2,148.16 3 8
Qingyu_backend/repository/mongodb/notification/template_repository_impl.go:148.16,150.3 1 0
Qingyu_backend/repository/mongodb/notification/template_repository_impl.go:151.2,154.51 3 8
Qingyu_backend/repository/mongodb/notification/template_repository_impl.go:154.51,156.3 1 0
Qingyu_backend/repository/mongodb/notification/template_repository_impl.go:158.2,158.23 1 8
Qingyu_backend/repository/mongodb/notification/template_repository_impl.go:162.191,169.16 3 1
Qingyu_backend/repository/mongodb/notification/template_repository_impl.go:169.16,171.3 1 0
Qingyu_backend/repository/mongodb/notification/template_repository_impl.go:172.2,175.51 3 1
Qingyu_backend/repository/mongodb/notification/template_repository_impl.go:175.51,177.3 1 0
Qingyu_backend/repository/mongodb/notification/template_repository_impl.go:179.2,179.23 1 1
Qingyu_backend/repository/mongodb/notification/template_repository_impl.go:183.205,193.16 4 2
Qingyu_backend/repository/mongodb/notification/template_repository_impl.go:193.16,194.34 1 1
Qingyu_backend/repository/mongodb/notification/template_repository_impl.go:194.34,196.4 1 1
Qingyu_backend/repository/mongodb/notification/template_repository_impl.go:197.3,197.62 1 0
Qingyu_backend/repository/mongodb/notification/template_repository_impl.go:200.2,200.23 1 1
Qingyu_backend/repository/mongodb/notification/template_repository_impl.go:204.94,207.24 2 8
Qingyu_backend/repository/mongodb/notification/template_repository_impl.go:207.24,209.3 1 1
Qingyu_backend/repository/mongodb/notification/template_repository_impl.go:211.2,211.26 1 8
Qingyu_backend/repository/mongodb/notification/template_repository_impl.go:211.26,213.3 1 1
Qingyu_backend/repository/mongodb/notification/template_repository_impl.go:215.2,215.28 1 8
Qingyu_backend/repository/mongodb/notification/template_repository_impl.go:215.28,217.3 1 1
Qingyu_backend/repository/mongodb/notification/template_repository_impl.go:219.2,219.28 1 8
Qingyu_backend/repository/mongodb/notification/template_repository_impl.go:219.28,221.3 1 1
Qingyu_backend/repository/mongodb/notification/template_repository_impl.go:223.2,223.20 1 8
